# JRE version: Java(TM) SE Runtime Environment (8.0_60-b27) (build 1.8.0_60-b27)
# Java VM: Java HotSpot(TM) 64-Bit Server VM (25.60-b23 mixed mode windows-amd64 compressed oops)
Heap:
 PSYoungGen      total 69632K, used 19132K [0x00000000eab00000, 0x00000000f0f80000, 0x0000000100000000)
  eden space 61952K, 22% used [0x00000000eab00000,0x00000000eb89e590,0x00000000ee780000)
  from space 7680K, 67% used [0x00000000ee780000,0x00000000eec90ae0,0x00000000eef00000)
  to   space 7680K, 0% used [0x00000000f0800000,0x00000000f0800000,0x00000000f0f80000)
 ParOldGen       total 34816K, used 11112K [0x00000000c0000000, 0x00000000c2200000, 0x00000000eab00000)
  object space 34816K, 31% used [0x00000000c0000000,0x00000000c0ada2a8,0x00000000c2200000)
 Metaspace       used 27186K, capacity 27650K, committed 27904K, reserved 1073152K
  class space    used 3681K, capacity 3799K, committed 3840K, reserved 1048576K
GC Heap History (10 events):
Event: 9.135 GC heap before
{Heap before GC invocations=6 (full 0):
 PSYoungGen      total 18944K, used 18928K [0x00000000eab00000, 0x00000000ed800000, 0x0000000100000000)
  eden space 16384K, 100% used [0x00000000eab00000,0x00000000ebb00000,0x00000000ebb00000)
  from space 2560K, 99% used [0x00000000ebb00000,0x00000000ebd7c030,0x00000000ebd80000)
  to   space 6656K, 0% used [0x00000000ed180000,0x00000000ed180000,0x00000000ed800000)
 ParOldGen       total 44032K, used 8052K [0x00000000c0000000, 0x00000000c2b00000, 0x00000000eab00000)
  object space 44032K, 18% used [0x00000000c0000000,0x00000000c07dd280,0x00000000c2b00000)
 Metaspace       used 19018K, capacity 19332K, committed 19584K, reserved 1067008K
  class space    used 2503K, capacity 2617K, committed 2688K, reserved 1048576K
Event: 9.151 GC heap after
Heap after GC invocations=6 (full 0):
 PSYoungGen      total 39424K, used 4725K [0x00000000eab00000, 0x00000000ed800000, 0x0000000100000000)
  eden space 32768K, 0% used [0x00000000eab00000,0x00000000eab00000,0x00000000ecb00000)
  from space 6656K, 70% used [0x00000000ed180000,0x00000000ed61d600,0x00000000ed800000)
  to   space 6656K, 0% used [0x00000000ecb00000,0x00000000ecb00000,0x00000000ed180000)
 ParOldGen       total 44032K, used 8052K [0x00000000c0000000, 0x00000000c2b00000, 0x00000000eab00000)
  object space 44032K, 18% used [0x00000000c0000000,0x00000000c07dd280,0x00000000c2b00000)
 Metaspace       used 19018K, capacity 19332K, committed 19584K, reserved 1067008K
  class space    used 2503K, capacity 2617K, committed 2688K, reserved 1048576K
}
Event: 9.916 GC heap before
{Heap before GC invocations=7 (full 0):
 PSYoungGen      total 39424K, used 31582K [0x00000000eab00000, 0x00000000ed800000, 0x0000000100000000)
  eden space 32768K, 81% used [0x00000000eab00000,0x00000000ec53a278,0x00000000ecb00000)
  from space 6656K, 70% used [0x00000000ed180000,0x00000000ed61d600,0x00000000ed800000)
  to   space 6656K, 0% used [0x00000000ecb00000,0x00000000ecb00000,0x00000000ed180000)
 ParOldGen       total 44032K, used 8052K [0x00000000c0000000, 0x00000000c2b00000, 0x00000000eab00000)
  object space 44032K, 18% used [0x00000000c0000000,0x00000000c07dd280,0x00000000c2b00000)
 Metaspace       used 20883K, capacity 21194K, committed 21296K, reserved 1067008K
  class space    used 2804K, capacity 2914K, committed 2944K, reserved 1048576K
Event: 9.958 GC heap after
Heap after GC invocations=7 (full 0):
 PSYoungGen      total 39424K, used 6654K [0x00000000eab00000, 0x00000000efa00000, 0x0000000100000000)
  eden space 32768K, 0% used [0x00000000eab00000,0x00000000eab00000,0x00000000ecb00000)
  from space 6656K, 99% used [0x00000000ecb00000,0x00000000ed17fbe8,0x00000000ed180000)
  to   space 7680K, 0% used [0x00000000ef280000,0x00000000ef280000,0x00000000efa00000)
 ParOldGen       total 44032K, used 8592K [0x00000000c0000000, 0x00000000c2b00000, 0x00000000eab00000)
  object space 44032K, 19% used [0x00000000c0000000,0x00000000c0864218,0x00000000c2b00000)
 Metaspace       used 20883K, capacity 21194K, committed 21296K, reserved 1067008K
  class space    used 2804K, capacity 2914K, committed 2944K, reserved 1048576K
}
Event: 9.958 GC heap before
{Heap before GC invocations=8 (full 1):
 PSYoungGen      total 39424K, used 6654K [0x00000000eab00000, 0x00000000efa00000, 0x0000000100000000)
  eden space 32768K, 0% used [0x00000000eab00000,0x00000000eab00000,0x00000000ecb00000)
  from space 6656K, 99% used [0x00000000ecb00000,0x00000000ed17fbe8,0x00000000ed180000)
  to   space 7680K, 0% used [0x00000000ef280000,0x00000000ef280000,0x00000000efa00000)
 ParOldGen       total 44032K, used 8592K [0x00000000c0000000, 0x00000000c2b00000, 0x00000000eab00000)
  object space 44032K, 19% used [0x00000000c0000000,0x00000000c0864218,0x00000000c2b00000)
 Metaspace       used 20883K, capacity 21194K, committed 21296K, reserved 1067008K
  class space    used 2804K, capacity 2914K, committed 2944K, reserved 1048576K
Event: 10.034 GC heap after
Heap after GC invocations=8 (full 1):
 PSYoungGen      total 39424K, used 0K [0x00000000eab00000, 0x00000000efa00000, 0x0000000100000000)
  eden space 32768K, 0% used [0x00000000eab00000,0x00000000eab00000,0x00000000ecb00000)
  from space 6656K, 0% used [0x00000000ecb00000,0x00000000ecb00000,0x00000000ed180000)
  to   space 7680K, 0% used [0x00000000ef280000,0x00000000ef280000,0x00000000efa00000)
 ParOldGen       total 34816K, used 11104K [0x00000000c0000000, 0x00000000c2200000, 0x00000000eab00000)
  object space 34816K, 31% used [0x00000000c0000000,0x00000000c0ad82a8,0x00000000c2200000)
 Metaspace       used 20883K, capacity 21194K, committed 21296K, reserved 1067008K
  class space    used 2804K, capacity 2914K, committed 2944K, reserved 1048576K
}
Event: 10.918 GC heap before
{Heap before GC invocations=9 (full 1):
 PSYoungGen      total 39424K, used 32768K [0x00000000eab00000, 0x00000000efa00000, 0x0000000100000000)
  eden space 32768K, 100% used [0x00000000eab00000,0x00000000ecb00000,0x00000000ecb00000)
  from space 6656K, 0% used [0x00000000ecb00000,0x00000000ecb00000,0x00000000ed180000)
  to   space 7680K, 0% used [0x00000000ef280000,0x00000000ef280000,0x00000000efa00000)
 ParOldGen       total 34816K, used 11104K [0x00000000c0000000, 0x00000000c2200000, 0x00000000eab00000)
  object space 34816K, 31% used [0x00000000c0000000,0x00000000c0ad82a8,0x00000000c2200000)
 Metaspace       used 23280K, capacity 23786K, committed 23936K, reserved 1069056K
  class space    used 3209K, capacity 3347K, committed 3456K, reserved 1048576K
Event: 10.954 GC heap after
Heap after GC invocations=9 (full 1):
 PSYoungGen      total 63488K, used 3681K [0x00000000eab00000, 0x00000000ef680000, 0x0000000100000000)
  eden space 59392K, 0% used [0x00000000eab00000,0x00000000eab00000,0x00000000ee500000)
  from space 4096K, 89% used [0x00000000ef280000,0x00000000ef618780,0x00000000ef680000)
  to   space 7680K, 0% used [0x00000000ee780000,0x00000000ee780000,0x00000000eef00000)
 ParOldGen       total 34816K, used 11104K [0x00000000c0000000, 0x00000000c2200000, 0x00000000eab00000)
  object space 34816K, 31% used [0x00000000c0000000,0x00000000c0ad82a8,0x00000000c2200000)
 Metaspace       used 23280K, capacity 23786K, committed 23936K, reserved 1069056K
  class space    used 3209K, capacity 3347K, committed 3456K, reserved 1048576K
}
Event: 13.621 GC heap before
{Heap before GC invocations=10 (full 1):
 PSYoungGen      total 63488K, used 63073K [0x00000000eab00000, 0x00000000ef680000, 0x0000000100000000)
  eden space 59392K, 100% used [0x00000000eab00000,0x00000000ee500000,0x00000000ee500000)
  from space 4096K, 89% used [0x00000000ef280000,0x00000000ef618780,0x00000000ef680000)
  to   space 7680K, 0% used [0x00000000ee780000,0x00000000ee780000,0x00000000eef00000)
 ParOldGen       total 34816K, used 11104K [0x00000000c0000000, 0x00000000c2200000, 0x00000000eab00000)
  object space 34816K, 31% used [0x00000000c0000000,0x00000000c0ad82a8,0x00000000c2200000)
 Metaspace       used 26908K, capacity 27426K, committed 27648K, reserved 1073152K
  class space    used 3651K, capacity 3767K, committed 3840K, reserved 1048576K
Event: 13.665 GC heap after
Heap after GC invocations=10 (full 1):
 PSYoungGen      total 69632K, used 5186K [0x00000000eab00000, 0x00000000f0f80000, 0x0000000100000000)
  eden space 61952K, 0% used [0x00000000eab00000,0x00000000eab00000,0x00000000ee780000)
  from space 7680K, 67% used [0x00000000ee780000,0x00000000eec90ae0,0x00000000eef00000)
  to   space 7680K, 0% used [0x00000000f0800000,0x00000000f0800000,0x00000000f0f80000)
 ParOldGen       total 34816K, used 11112K [0x00000000c0000000, 0x00000000c2200000, 0x00000000eab00000)
  object space 34816K, 31% used [0x00000000c0000000,0x00000000c0ada2a8,0x00000000c2200000)
 Metaspace       used 26908K, capacity 27426K, committed 27648K, reserved 1073152K
  class space    used 3651K, capacity 3767K, committed 3840K, reserved 1048576K
}

