# JRE version: Java(TM) SE Runtime Environment (8.0_60-b27) (build 1.8.0_60-b27)
# Java VM: Java HotSpot(TM) 64-Bit Server VM (25.60-b23 mixed mode windows-amd64 compressed oops)
Heap:
 PSYoungGen      total 121856K, used 25785K [0x00000000eab00000, 0x00000000f3680000, 0x0000000100000000)
  eden space 110080K, 23% used [0x00000000eab00000,0x00000000ec42e400,0x00000000f1680000)
  from space 11776K, 0% used [0x00000000f2280000,0x00000000f2280000,0x00000000f2e00000)
  to   space 12288K, 0% used [0x00000000f1680000,0x00000000f1680000,0x00000000f2280000)
 ParOldGen       total 52736K, used 49155K [0x00000000c0000000, 0x00000000c3380000, 0x00000000eab00000)
  object space 52736K, 93% used [0x00000000c0000000,0x00000000c3000c70,0x00000000c3380000)
 Metaspace       used 41485K, capacity 42444K, committed 42624K, reserved 1085440K
  class space    used 5667K, capacity 5962K, committed 6016K, reserved 1048576K
GC Heap History (10 events):
Event: 17.922 GC heap before
{Heap before GC invocations=15 (full 2):
 PSYoungGen      total 121856K, used 110080K [0x00000000eab00000, 0x00000000f3680000, 0x0000000100000000)
  eden space 110080K, 100% used [0x00000000eab00000,0x00000000f1680000,0x00000000f1680000)
  from space 11776K, 0% used [0x00000000f2280000,0x00000000f2280000,0x00000000f2e00000)
  to   space 12288K, 0% used [0x00000000f1680000,0x00000000f1680000,0x00000000f2280000)
 ParOldGen       total 52736K, used 20934K [0x00000000c0000000, 0x00000000c3380000, 0x00000000eab00000)
  object space 52736K, 39% used [0x00000000c0000000,0x00000000c14718d8,0x00000000c3380000)
 Metaspace       used 38285K, capacity 39146K, committed 39424K, reserved 1083392K
  class space    used 5288K, capacity 5517K, committed 5632K, reserved 1048576K
Event: 17.943 GC heap after
Heap after GC invocations=15 (full 2):
 PSYoungGen      total 122368K, used 12262K [0x00000000eab00000, 0x00000000f3680000, 0x0000000100000000)
  eden space 110080K, 0% used [0x00000000eab00000,0x00000000eab00000,0x00000000f1680000)
  from space 12288K, 99% used [0x00000000f1680000,0x00000000f2279870,0x00000000f2280000)
  to   space 11776K, 0% used [0x00000000f2280000,0x00000000f2280000,0x00000000f2e00000)
 ParOldGen       total 52736K, used 21824K [0x00000000c0000000, 0x00000000c3380000, 0x00000000eab00000)
  object space 52736K, 41% used [0x00000000c0000000,0x00000000c15503a0,0x00000000c3380000)
 Metaspace       used 38285K, capacity 39146K, committed 39424K, reserved 1083392K
  class space    used 5288K, capacity 5517K, committed 5632K, reserved 1048576K
}
Event: 23.058 GC heap before
{Heap before GC invocations=16 (full 2):
 PSYoungGen      total 122368K, used 122342K [0x00000000eab00000, 0x00000000f3680000, 0x0000000100000000)
  eden space 110080K, 100% used [0x00000000eab00000,0x00000000f1680000,0x00000000f1680000)
  from space 12288K, 99% used [0x00000000f1680000,0x00000000f2279870,0x00000000f2280000)
  to   space 11776K, 0% used [0x00000000f2280000,0x00000000f2280000,0x00000000f2e00000)
 ParOldGen       total 52736K, used 21824K [0x00000000c0000000, 0x00000000c3380000, 0x00000000eab00000)
  object space 52736K, 41% used [0x00000000c0000000,0x00000000c15503a0,0x00000000c3380000)
 Metaspace       used 39768K, capacity 40722K, committed 40960K, reserved 1085440K
  class space    used 5497K, capacity 5794K, committed 5888K, reserved 1048576K
Event: 23.103 GC heap after
Heap after GC invocations=16 (full 2):
 PSYoungGen      total 121856K, used 3637K [0x00000000eab00000, 0x00000000f3680000, 0x0000000100000000)
  eden space 110080K, 0% used [0x00000000eab00000,0x00000000eab00000,0x00000000f1680000)
  from space 11776K, 30% used [0x00000000f2280000,0x00000000f260d7b0,0x00000000f2e00000)
  to   space 12288K, 0% used [0x00000000f1680000,0x00000000f1680000,0x00000000f2280000)
 ParOldGen       total 52736K, used 32181K [0x00000000c0000000, 0x00000000c3380000, 0x00000000eab00000)
  object space 52736K, 61% used [0x00000000c0000000,0x00000000c1f6d490,0x00000000c3380000)
 Metaspace       used 39768K, capacity 40722K, committed 40960K, reserved 1085440K
  class space    used 5497K, capacity 5794K, committed 5888K, reserved 1048576K
}
Event: 25.082 GC heap before
{Heap before GC invocations=17 (full 2):
 PSYoungGen      total 121856K, used 113717K [0x00000000eab00000, 0x00000000f3680000, 0x0000000100000000)
  eden space 110080K, 100% used [0x00000000eab00000,0x00000000f1680000,0x00000000f1680000)
  from space 11776K, 30% used [0x00000000f2280000,0x00000000f260d7b0,0x00000000f2e00000)
  to   space 12288K, 0% used [0x00000000f1680000,0x00000000f1680000,0x00000000f2280000)
 ParOldGen       total 52736K, used 32181K [0x00000000c0000000, 0x00000000c3380000, 0x00000000eab00000)
  object space 52736K, 61% used [0x00000000c0000000,0x00000000c1f6d490,0x00000000c3380000)
 Metaspace       used 40820K, capacity 41868K, committed 42112K, reserved 1085440K
  class space    used 5589K, capacity 5898K, committed 6016K, reserved 1048576K
Event: 25.104 GC heap after
Heap after GC invocations=17 (full 2):
 PSYoungGen      total 122368K, used 12268K [0x00000000eab00000, 0x00000000f3680000, 0x0000000100000000)
  eden space 110080K, 0% used [0x00000000eab00000,0x00000000eab00000,0x00000000f1680000)
  from space 12288K, 99% used [0x00000000f1680000,0x00000000f227b060,0x00000000f2280000)
  to   space 11776K, 0% used [0x00000000f2280000,0x00000000f2280000,0x00000000f2e00000)
 ParOldGen       total 52736K, used 35154K [0x00000000c0000000, 0x00000000c3380000, 0x00000000eab00000)
  object space 52736K, 66% used [0x00000000c0000000,0x00000000c22548d8,0x00000000c3380000)
 Metaspace       used 40820K, capacity 41868K, committed 42112K, reserved 1085440K
  class space    used 5589K, capacity 5898K, committed 6016K, reserved 1048576K
}
Event: 26.147 GC heap before
{Heap before GC invocations=18 (full 2):
 PSYoungGen      total 122368K, used 122348K [0x00000000eab00000, 0x00000000f3680000, 0x0000000100000000)
  eden space 110080K, 100% used [0x00000000eab00000,0x00000000f1680000,0x00000000f1680000)
  from space 12288K, 99% used [0x00000000f1680000,0x00000000f227b060,0x00000000f2280000)
  to   space 11776K, 0% used [0x00000000f2280000,0x00000000f2280000,0x00000000f2e00000)
 ParOldGen       total 52736K, used 35154K [0x00000000c0000000, 0x00000000c3380000, 0x00000000eab00000)
  object space 52736K, 66% used [0x00000000c0000000,0x00000000c22548d8,0x00000000c3380000)
 Metaspace       used 41450K, capacity 42444K, committed 42624K, reserved 1085440K
  class space    used 5667K, capacity 5962K, committed 6016K, reserved 1048576K
Event: 26.178 GC heap after
Heap after GC invocations=18 (full 2):
 PSYoungGen      total 121856K, used 4126K [0x00000000eab00000, 0x00000000f3680000, 0x0000000100000000)
  eden space 110080K, 0% used [0x00000000eab00000,0x00000000eab00000,0x00000000f1680000)
  from space 11776K, 35% used [0x00000000f2280000,0x00000000f2687b48,0x00000000f2e00000)
  to   space 12288K, 0% used [0x00000000f1680000,0x00000000f1680000,0x00000000f2280000)
 ParOldGen       total 52736K, used 47331K [0x00000000c0000000, 0x00000000c3380000, 0x00000000eab00000)
  object space 52736K, 89% used [0x00000000c0000000,0x00000000c2e38fb0,0x00000000c3380000)
 Metaspace       used 41450K, capacity 42444K, committed 42624K, reserved 1085440K
  class space    used 5667K, capacity 5962K, committed 6016K, reserved 1048576K
}
Event: 26.178 GC heap before
{Heap before GC invocations=19 (full 3):
 PSYoungGen      total 121856K, used 4126K [0x00000000eab00000, 0x00000000f3680000, 0x0000000100000000)
  eden space 110080K, 0% used [0x00000000eab00000,0x00000000eab00000,0x00000000f1680000)
  from space 11776K, 35% used [0x00000000f2280000,0x00000000f2687b48,0x00000000f2e00000)
  to   space 12288K, 0% used [0x00000000f1680000,0x00000000f1680000,0x00000000f2280000)
 ParOldGen       total 52736K, used 47331K [0x00000000c0000000, 0x00000000c3380000, 0x00000000eab00000)
  object space 52736K, 89% used [0x00000000c0000000,0x00000000c2e38fb0,0x00000000c3380000)
 Metaspace       used 41450K, capacity 42444K, committed 42624K, reserved 1085440K
  class space    used 5667K, capacity 5962K, committed 6016K, reserved 1048576K
Event: 26.753 GC heap after
Heap after GC invocations=19 (full 3):
 PSYoungGen      total 121856K, used 0K [0x00000000eab00000, 0x00000000f3680000, 0x0000000100000000)
  eden space 110080K, 0% used [0x00000000eab00000,0x00000000eab00000,0x00000000f1680000)
  from space 11776K, 0% used [0x00000000f2280000,0x00000000f2280000,0x00000000f2e00000)
  to   space 12288K, 0% used [0x00000000f1680000,0x00000000f1680000,0x00000000f2280000)
 ParOldGen       total 52736K, used 49155K [0x00000000c0000000, 0x00000000c3380000, 0x00000000eab00000)
  object space 52736K, 93% used [0x00000000c0000000,0x00000000c3000c70,0x00000000c3380000)
 Metaspace       used 41450K, capacity 42444K, committed 42624K, reserved 1085440K
  class space    used 5667K, capacity 5962K, committed 6016K, reserved 1048576K
}

