# JRE version: Java(TM) SE Runtime Environment (8.0_60-b27) (build 1.8.0_60-b27)
# Java VM: Java HotSpot(TM) 64-Bit Server VM (25.60-b23 mixed mode windows-amd64 compressed oops)
Heap:
 PSYoungGen      total 232960K, used 211984K [0x00000000eab00000, 0x00000000fe400000, 0x0000000100000000)
  eden space 216064K, 95% used [0x00000000eab00000,0x00000000f7384198,0x00000000f7e00000)
  from space 16896K, 39% used [0x00000000f8d80000,0x00000000f9400000,0x00000000f9e00000)
  to   space 15872K, 0% used [0x00000000f7e00000,0x00000000f7e00000,0x00000000f8d80000)
 ParOldGen       total 54272K, used 39493K [0x00000000c0000000, 0x00000000c3500000, 0x00000000eab00000)
  object space 54272K, 72% used [0x00000000c0000000,0x00000000c2691408,0x00000000c3500000)
 Metaspace       used 51994K, capacity 54048K, committed 54144K, reserved 1095680K
  class space    used 6966K, capacity 7467K, committed 7552K, reserved 1048576K
GC Heap History (10 events):
Event: 28.074 GC heap before
{Heap before GC invocations=13 (full 2):
 PSYoungGen      total 167936K, used 3346K [0x00000000eab00000, 0x00000000f9980000, 0x0000000100000000)
  eden space 155136K, 0% used [0x00000000eab00000,0x00000000eab00000,0x00000000f4280000)
  from space 12800K, 26% used [0x00000000f4280000,0x00000000f45c4b08,0x00000000f4f00000)
  to   space 12800K, 0% used [0x00000000f8d00000,0x00000000f8d00000,0x00000000f9980000)
 ParOldGen       total 37888K, used 23249K [0x00000000c0000000, 0x00000000c2500000, 0x00000000eab00000)
  object space 37888K, 61% used [0x00000000c0000000,0x00000000c16b4500,0x00000000c2500000)
 Metaspace       used 34666K, capacity 35392K, committed 35496K, reserved 1079296K
  class space    used 4637K, capacity 4842K, committed 4864K, reserved 1048576K
Event: 28.943 GC heap after
Heap after GC invocations=13 (full 2):
 PSYoungGen      total 167936K, used 0K [0x00000000eab00000, 0x00000000f9980000, 0x0000000100000000)
  eden space 155136K, 0% used [0x00000000eab00000,0x00000000eab00000,0x00000000f4280000)
  from space 12800K, 0% used [0x00000000f4280000,0x00000000f4280000,0x00000000f4f00000)
  to   space 12800K, 0% used [0x00000000f8d00000,0x00000000f8d00000,0x00000000f9980000)
 ParOldGen       total 54272K, used 18302K [0x00000000c0000000, 0x00000000c3500000, 0x00000000eab00000)
  object space 54272K, 33% used [0x00000000c0000000,0x00000000c11df878,0x00000000c3500000)
 Metaspace       used 34646K, capacity 35370K, committed 35496K, reserved 1079296K
  class space    used 4631K, capacity 4836K, committed 4864K, reserved 1048576K
}
Event: 36.481 GC heap before
{Heap before GC invocations=14 (full 2):
 PSYoungGen      total 167936K, used 155136K [0x00000000eab00000, 0x00000000f9980000, 0x0000000100000000)
  eden space 155136K, 100% used [0x00000000eab00000,0x00000000f4280000,0x00000000f4280000)
  from space 12800K, 0% used [0x00000000f4280000,0x00000000f4280000,0x00000000f4f00000)
  to   space 12800K, 0% used [0x00000000f8d00000,0x00000000f8d00000,0x00000000f9980000)
 ParOldGen       total 54272K, used 18302K [0x00000000c0000000, 0x00000000c3500000, 0x00000000eab00000)
  object space 54272K, 33% used [0x00000000c0000000,0x00000000c11df878,0x00000000c3500000)
 Metaspace       used 40440K, capacity 41528K, committed 41728K, reserved 1085440K
  class space    used 5510K, capacity 5773K, committed 5888K, reserved 1048576K
Event: 36.556 GC heap after
Heap after GC invocations=14 (full 2):
 PSYoungGen      total 227328K, used 12768K [0x00000000eab00000, 0x00000000f9e00000, 0x0000000100000000)
  eden space 214528K, 0% used [0x00000000eab00000,0x00000000eab00000,0x00000000f7c80000)
  from space 12800K, 99% used [0x00000000f8d00000,0x00000000f9978310,0x00000000f9980000)
  to   space 16896K, 0% used [0x00000000f7c80000,0x00000000f7c80000,0x00000000f8d00000)
 ParOldGen       total 54272K, used 24610K [0x00000000c0000000, 0x00000000c3500000, 0x00000000eab00000)
  object space 54272K, 45% used [0x00000000c0000000,0x00000000c18088a0,0x00000000c3500000)
 Metaspace       used 40440K, capacity 41528K, committed 41728K, reserved 1085440K
  class space    used 5510K, capacity 5773K, committed 5888K, reserved 1048576K
}
Event: 38.553 GC heap before
{Heap before GC invocations=15 (full 2):
 PSYoungGen      total 227328K, used 101052K [0x00000000eab00000, 0x00000000f9e00000, 0x0000000100000000)
  eden space 214528K, 41% used [0x00000000eab00000,0x00000000f0136de0,0x00000000f7c80000)
  from space 12800K, 99% used [0x00000000f8d00000,0x00000000f9978310,0x00000000f9980000)
  to   space 16896K, 0% used [0x00000000f7c80000,0x00000000f7c80000,0x00000000f8d00000)
 ParOldGen       total 54272K, used 24610K [0x00000000c0000000, 0x00000000c3500000, 0x00000000eab00000)
  object space 54272K, 45% used [0x00000000c0000000,0x00000000c18088a0,0x00000000c3500000)
 Metaspace       used 43052K, capacity 44660K, committed 44800K, reserved 1087488K
  class space    used 5953K, capacity 6356K, committed 6400K, reserved 1048576K
Event: 38.684 GC heap after
Heap after GC invocations=15 (full 2):
 PSYoungGen      total 231424K, used 8376K [0x00000000eab00000, 0x00000000f9e00000, 0x0000000100000000)
  eden space 214528K, 0% used [0x00000000eab00000,0x00000000eab00000,0x00000000f7c80000)
  from space 16896K, 49% used [0x00000000f7c80000,0x00000000f84ae110,0x00000000f8d00000)
  to   space 16896K, 0% used [0x00000000f8d80000,0x00000000f8d80000,0x00000000f9e00000)
 ParOldGen       total 54272K, used 37375K [0x00000000c0000000, 0x00000000c3500000, 0x00000000eab00000)
  object space 54272K, 68% used [0x00000000c0000000,0x00000000c247fc30,0x00000000c3500000)
 Metaspace       used 43052K, capacity 44660K, committed 44800K, reserved 1087488K
  class space    used 5953K, capacity 6356K, committed 6400K, reserved 1048576K
}
Event: 38.684 GC heap before
{Heap before GC invocations=16 (full 3):
 PSYoungGen      total 231424K, used 8376K [0x00000000eab00000, 0x00000000f9e00000, 0x0000000100000000)
  eden space 214528K, 0% used [0x00000000eab00000,0x00000000eab00000,0x00000000f7c80000)
  from space 16896K, 49% used [0x00000000f7c80000,0x00000000f84ae110,0x00000000f8d00000)
  to   space 16896K, 0% used [0x00000000f8d80000,0x00000000f8d80000,0x00000000f9e00000)
 ParOldGen       total 54272K, used 37375K [0x00000000c0000000, 0x00000000c3500000, 0x00000000eab00000)
  object space 54272K, 68% used [0x00000000c0000000,0x00000000c247fc30,0x00000000c3500000)
 Metaspace       used 43052K, capacity 44660K, committed 44800K, reserved 1087488K
  class space    used 5953K, capacity 6356K, committed 6400K, reserved 1048576K
Event: 39.261 GC heap after
Heap after GC invocations=16 (full 3):
 PSYoungGen      total 231424K, used 0K [0x00000000eab00000, 0x00000000f9e00000, 0x0000000100000000)
  eden space 214528K, 0% used [0x00000000eab00000,0x00000000eab00000,0x00000000f7c80000)
  from space 16896K, 0% used [0x00000000f7c80000,0x00000000f7c80000,0x00000000f8d00000)
  to   space 16896K, 0% used [0x00000000f8d80000,0x00000000f8d80000,0x00000000f9e00000)
 ParOldGen       total 54272K, used 39485K [0x00000000c0000000, 0x00000000c3500000, 0x00000000eab00000)
  object space 54272K, 72% used [0x00000000c0000000,0x00000000c268f408,0x00000000c3500000)
 Metaspace       used 43052K, capacity 44660K, committed 44800K, reserved 1087488K
  class space    used 5953K, capacity 6356K, committed 6400K, reserved 1048576K
}
Event: 89.467 GC heap before
{Heap before GC invocations=17 (full 3):
 PSYoungGen      total 231424K, used 214528K [0x00000000eab00000, 0x00000000f9e00000, 0x0000000100000000)
  eden space 214528K, 100% used [0x00000000eab00000,0x00000000f7c80000,0x00000000f7c80000)
  from space 16896K, 0% used [0x00000000f7c80000,0x00000000f7c80000,0x00000000f8d00000)
  to   space 16896K, 0% used [0x00000000f8d80000,0x00000000f8d80000,0x00000000f9e00000)
 ParOldGen       total 54272K, used 39485K [0x00000000c0000000, 0x00000000c3500000, 0x00000000eab00000)
  object space 54272K, 72% used [0x00000000c0000000,0x00000000c268f408,0x00000000c3500000)
 Metaspace       used 45634K, capacity 47666K, committed 47744K, reserved 1089536K
  class space    used 6258K, capacity 6740K, committed 6784K, reserved 1048576K
Event: 89.481 GC heap after
Heap after GC invocations=17 (full 3):
 PSYoungGen      total 232960K, used 6656K [0x00000000eab00000, 0x00000000fe400000, 0x0000000100000000)
  eden space 216064K, 0% used [0x00000000eab00000,0x00000000eab00000,0x00000000f7e00000)
  from space 16896K, 39% used [0x00000000f8d80000,0x00000000f9400000,0x00000000f9e00000)
  to   space 15872K, 0% used [0x00000000f7e00000,0x00000000f7e00000,0x00000000f8d80000)
 ParOldGen       total 54272K, used 39493K [0x00000000c0000000, 0x00000000c3500000, 0x00000000eab00000)
  object space 54272K, 72% used [0x00000000c0000000,0x00000000c2691408,0x00000000c3500000)
 Metaspace       used 45634K, capacity 47666K, committed 47744K, reserved 1089536K
  class space    used 6258K, capacity 6740K, committed 6784K, reserved 1048576K
}

