# JRE version: Java(TM) SE Runtime Environment (8.0_60-b27) (build 1.8.0_60-b27)
# Java VM: Java HotSpot(TM) 64-Bit Server VM (25.60-b23 mixed mode windows-amd64 compressed oops)
Heap:
 PSYoungGen      total 51200K, used 22527K [0x00000000eab00000, 0x00000000ef280000, 0x0000000100000000)
  eden space 44032K, 39% used [0x00000000eab00000,0x00000000ebbc6c88,0x00000000ed600000)
  from space 7168K, 74% used [0x00000000ed600000,0x00000000edb39158,0x00000000edd00000)
  to   space 7168K, 0% used [0x00000000eeb80000,0x00000000eeb80000,0x00000000ef280000)
 ParOldGen       total 36864K, used 13708K [0x00000000c0000000, 0x00000000c2400000, 0x00000000eab00000)
  object space 36864K, 37% used [0x00000000c0000000,0x00000000c0d63020,0x00000000c2400000)
 Metaspace       used 31719K, capacity 32310K, committed 32512K, reserved 1077248K
  class space    used 4337K, capacity 4509K, committed 4608K, reserved 1048576K
GC Heap History (10 events):
Event: 10.388 GC heap before
{Heap before GC invocations=8 (full 1):
 PSYoungGen      total 39424K, used 6331K [0x00000000eab00000, 0x00000000ed800000, 0x0000000100000000)
  eden space 32768K, 0% used [0x00000000eab00000,0x00000000eab00000,0x00000000ecb00000)
  from space 6656K, 95% used [0x00000000ecb00000,0x00000000ed12ee70,0x00000000ed180000)
  to   space 6656K, 0% used [0x00000000ed180000,0x00000000ed180000,0x00000000ed800000)
 ParOldGen       total 44032K, used 8672K [0x00000000c0000000, 0x00000000c2b00000, 0x00000000eab00000)
  object space 44032K, 19% used [0x00000000c0000000,0x00000000c08780e0,0x00000000c2b00000)
 Metaspace       used 20921K, capacity 21240K, committed 21296K, reserved 1067008K
  class space    used 2808K, capacity 2919K, committed 2944K, reserved 1048576K
Event: 10.534 GC heap after
Heap after GC invocations=8 (full 1):
 PSYoungGen      total 39424K, used 0K [0x00000000eab00000, 0x00000000ed800000, 0x0000000100000000)
  eden space 32768K, 0% used [0x00000000eab00000,0x00000000eab00000,0x00000000ecb00000)
  from space 6656K, 0% used [0x00000000ecb00000,0x00000000ecb00000,0x00000000ed180000)
  to   space 6656K, 0% used [0x00000000ed180000,0x00000000ed180000,0x00000000ed800000)
 ParOldGen       total 36864K, used 11235K [0x00000000c0000000, 0x00000000c2400000, 0x00000000eab00000)
  object space 36864K, 30% used [0x00000000c0000000,0x00000000c0af8fe0,0x00000000c2400000)
 Metaspace       used 20921K, capacity 21240K, committed 21296K, reserved 1067008K
  class space    used 2808K, capacity 2919K, committed 2944K, reserved 1048576K
}
Event: 11.957 GC heap before
{Heap before GC invocations=9 (full 1):
 PSYoungGen      total 39424K, used 32768K [0x00000000eab00000, 0x00000000ed800000, 0x0000000100000000)
  eden space 32768K, 100% used [0x00000000eab00000,0x00000000ecb00000,0x00000000ecb00000)
  from space 6656K, 0% used [0x00000000ecb00000,0x00000000ecb00000,0x00000000ed180000)
  to   space 6656K, 0% used [0x00000000ed180000,0x00000000ed180000,0x00000000ed800000)
 ParOldGen       total 36864K, used 11235K [0x00000000c0000000, 0x00000000c2400000, 0x00000000eab00000)
  object space 36864K, 30% used [0x00000000c0000000,0x00000000c0af8fe0,0x00000000c2400000)
 Metaspace       used 23344K, capacity 23832K, committed 23936K, reserved 1069056K
  class space    used 3215K, capacity 3352K, committed 3456K, reserved 1048576K
Event: 12.022 GC heap after
Heap after GC invocations=9 (full 1):
 PSYoungGen      total 38912K, used 3696K [0x00000000eab00000, 0x00000000eef80000, 0x0000000100000000)
  eden space 32256K, 0% used [0x00000000eab00000,0x00000000eab00000,0x00000000eca80000)
  from space 6656K, 55% used [0x00000000ed180000,0x00000000ed51c150,0x00000000ed800000)
  to   space 7168K, 0% used [0x00000000eca80000,0x00000000eca80000,0x00000000ed180000)
 ParOldGen       total 36864K, used 11235K [0x00000000c0000000, 0x00000000c2400000, 0x00000000eab00000)
  object space 36864K, 30% used [0x00000000c0000000,0x00000000c0af8fe0,0x00000000c2400000)
 Metaspace       used 23344K, capacity 23832K, committed 23936K, reserved 1069056K
  class space    used 3215K, capacity 3352K, committed 3456K, reserved 1048576K
}
Event: 13.519 GC heap before
{Heap before GC invocations=10 (full 1):
 PSYoungGen      total 38912K, used 35952K [0x00000000eab00000, 0x00000000eef80000, 0x0000000100000000)
  eden space 32256K, 100% used [0x00000000eab00000,0x00000000eca80000,0x00000000eca80000)
  from space 6656K, 55% used [0x00000000ed180000,0x00000000ed51c150,0x00000000ed800000)
  to   space 7168K, 0% used [0x00000000eca80000,0x00000000eca80000,0x00000000ed180000)
 ParOldGen       total 36864K, used 11235K [0x00000000c0000000, 0x00000000c2400000, 0x00000000eab00000)
  object space 36864K, 30% used [0x00000000c0000000,0x00000000c0af8fe0,0x00000000c2400000)
 Metaspace       used 26766K, capacity 27216K, committed 27392K, reserved 1073152K
  class space    used 3654K, capacity 3772K, committed 3840K, reserved 1048576K
Event: 13.529 GC heap after
Heap after GC invocations=10 (full 1):
 PSYoungGen      total 39424K, used 4395K [0x00000000eab00000, 0x00000000ee500000, 0x0000000100000000)
  eden space 32256K, 0% used [0x00000000eab00000,0x00000000eab00000,0x00000000eca80000)
  from space 7168K, 61% used [0x00000000eca80000,0x00000000ececac18,0x00000000ed180000)
  to   space 7168K, 0% used [0x00000000ede00000,0x00000000ede00000,0x00000000ee500000)
 ParOldGen       total 36864K, used 11235K [0x00000000c0000000, 0x00000000c2400000, 0x00000000eab00000)
  object space 36864K, 30% used [0x00000000c0000000,0x00000000c0af8fe0,0x00000000c2400000)
 Metaspace       used 26766K, capacity 27216K, committed 27392K, reserved 1073152K
  class space    used 3654K, capacity 3772K, committed 3840K, reserved 1048576K
}
Event: 14.603 GC heap before
{Heap before GC invocations=11 (full 1):
 PSYoungGen      total 39424K, used 36651K [0x00000000eab00000, 0x00000000ee500000, 0x0000000100000000)
  eden space 32256K, 100% used [0x00000000eab00000,0x00000000eca80000,0x00000000eca80000)
  from space 7168K, 61% used [0x00000000eca80000,0x00000000ececac18,0x00000000ed180000)
  to   space 7168K, 0% used [0x00000000ede00000,0x00000000ede00000,0x00000000ee500000)
 ParOldGen       total 36864K, used 11235K [0x00000000c0000000, 0x00000000c2400000, 0x00000000eab00000)
  object space 36864K, 30% used [0x00000000c0000000,0x00000000c0af8fe0,0x00000000c2400000)
 Metaspace       used 27016K, capacity 27472K, committed 27648K, reserved 1073152K
  class space    used 3656K, capacity 3772K, committed 3840K, reserved 1048576K
Event: 14.611 GC heap after
Heap after GC invocations=11 (full 1):
 PSYoungGen      total 50176K, used 1776K [0x00000000eab00000, 0x00000000ee400000, 0x0000000100000000)
  eden space 44032K, 0% used [0x00000000eab00000,0x00000000eab00000,0x00000000ed600000)
  from space 6144K, 28% used [0x00000000ede00000,0x00000000edfbc020,0x00000000ee400000)
  to   space 7168K, 0% used [0x00000000ed600000,0x00000000ed600000,0x00000000edd00000)
 ParOldGen       total 36864K, used 12828K [0x00000000c0000000, 0x00000000c2400000, 0x00000000eab00000)
  object space 36864K, 34% used [0x00000000c0000000,0x00000000c0c87000,0x00000000c2400000)
 Metaspace       used 27016K, capacity 27472K, committed 27648K, reserved 1073152K
  class space    used 3656K, capacity 3772K, committed 3840K, reserved 1048576K
}
Event: 16.165 GC heap before
{Heap before GC invocations=12 (full 1):
 PSYoungGen      total 50176K, used 45808K [0x00000000eab00000, 0x00000000ee400000, 0x0000000100000000)
  eden space 44032K, 100% used [0x00000000eab00000,0x00000000ed600000,0x00000000ed600000)
  from space 6144K, 28% used [0x00000000ede00000,0x00000000edfbc020,0x00000000ee400000)
  to   space 7168K, 0% used [0x00000000ed600000,0x00000000ed600000,0x00000000edd00000)
 ParOldGen       total 36864K, used 12828K [0x00000000c0000000, 0x00000000c2400000, 0x00000000eab00000)
  object space 36864K, 34% used [0x00000000c0000000,0x00000000c0c87000,0x00000000c2400000)
 Metaspace       used 30273K, capacity 30860K, committed 30976K, reserved 1075200K
  class space    used 4134K, capacity 4308K, committed 4352K, reserved 1048576K
Event: 16.177 GC heap after
Heap after GC invocations=12 (full 1):
 PSYoungGen      total 51200K, used 5348K [0x00000000eab00000, 0x00000000ef280000, 0x0000000100000000)
  eden space 44032K, 0% used [0x00000000eab00000,0x00000000eab00000,0x00000000ed600000)
  from space 7168K, 74% used [0x00000000ed600000,0x00000000edb39158,0x00000000edd00000)
  to   space 7168K, 0% used [0x00000000eeb80000,0x00000000eeb80000,0x00000000ef280000)
 ParOldGen       total 36864K, used 13708K [0x00000000c0000000, 0x00000000c2400000, 0x00000000eab00000)
  object space 36864K, 37% used [0x00000000c0000000,0x00000000c0d63020,0x00000000c2400000)
 Metaspace       used 30273K, capacity 30860K, committed 30976K, reserved 1075200K
  class space    used 4134K, capacity 4308K, committed 4352K, reserved 1048576K
}

