# JRE version: Java(TM) SE Runtime Environment (8.0_60-b27) (build 1.8.0_60-b27)
# Java VM: Java HotSpot(TM) 64-Bit Server VM (25.60-b23 mixed mode windows-amd64 compressed oops)
Heap:
 PSYoungGen      total 98304K, used 36291K [0x00000000eab00000, 0x00000000f1800000, 0x0000000100000000)
  eden space 91136K, 39% used [0x00000000eab00000,0x00000000ece70cd8,0x00000000f0400000)
  from space 7168K, 0% used [0x00000000f1100000,0x00000000f1100000,0x00000000f1800000)
  to   space 9216K, 0% used [0x00000000f0600000,0x00000000f0600000,0x00000000f0f00000)
 ParOldGen       total 61952K, used 21564K [0x00000000c0000000, 0x00000000c3c80000, 0x00000000eab00000)
  object space 61952K, 34% used [0x00000000c0000000,0x00000000c150f330,0x00000000c3c80000)
 Metaspace       used 35715K, capacity 36494K, committed 36608K, reserved 1081344K
  class space    used 4933K, capacity 5118K, committed 5120K, reserved 1048576K
GC Heap History (10 events):
Event: 7.190 GC heap before
{Heap before GC invocations=8 (full 1):
 PSYoungGen      total 73216K, used 65024K [0x00000000eab00000, 0x00000000efc00000, 0x0000000100000000)
  eden space 65024K, 100% used [0x00000000eab00000,0x00000000eea80000,0x00000000eea80000)
  from space 8192K, 0% used [0x00000000ef300000,0x00000000ef300000,0x00000000efb00000)
  to   space 8704K, 0% used [0x00000000eea80000,0x00000000eea80000,0x00000000ef300000)
 ParOldGen       total 42496K, used 12296K [0x00000000c0000000, 0x00000000c2980000, 0x00000000eab00000)
  object space 42496K, 28% used [0x00000000c0000000,0x00000000c0c02368,0x00000000c2980000)
 Metaspace       used 26775K, capacity 27216K, committed 27392K, reserved 1073152K
  class space    used 3652K, capacity 3772K, committed 3840K, reserved 1048576K
Event: 7.233 GC heap after
Heap after GC invocations=8 (full 1):
 PSYoungGen      total 73728K, used 6696K [0x00000000eab00000, 0x00000000f1a00000, 0x0000000100000000)
  eden space 65024K, 0% used [0x00000000eab00000,0x00000000eab00000,0x00000000eea80000)
  from space 8704K, 76% used [0x00000000eea80000,0x00000000ef10a158,0x00000000ef300000)
  to   space 9216K, 0% used [0x00000000f1100000,0x00000000f1100000,0x00000000f1a00000)
 ParOldGen       total 42496K, used 12304K [0x00000000c0000000, 0x00000000c2980000, 0x00000000eab00000)
  object space 42496K, 28% used [0x00000000c0000000,0x00000000c0c04368,0x00000000c2980000)
 Metaspace       used 26775K, capacity 27216K, committed 27392K, reserved 1073152K
  class space    used 3652K, capacity 3772K, committed 3840K, reserved 1048576K
}
Event: 11.122 GC heap before
{Heap before GC invocations=9 (full 1):
 PSYoungGen      total 73728K, used 71720K [0x00000000eab00000, 0x00000000f1a00000, 0x0000000100000000)
  eden space 65024K, 100% used [0x00000000eab00000,0x00000000eea80000,0x00000000eea80000)
  from space 8704K, 76% used [0x00000000eea80000,0x00000000ef10a158,0x00000000ef300000)
  to   space 9216K, 0% used [0x00000000f1100000,0x00000000f1100000,0x00000000f1a00000)
 ParOldGen       total 42496K, used 12304K [0x00000000c0000000, 0x00000000c2980000, 0x00000000eab00000)
  object space 42496K, 28% used [0x00000000c0000000,0x00000000c0c04368,0x00000000c2980000)
 Metaspace       used 29523K, capacity 30098K, committed 30336K, reserved 1075200K
  class space    used 3981K, capacity 4181K, committed 4224K, reserved 1048576K
Event: 11.140 GC heap after
Heap after GC invocations=9 (full 1):
 PSYoungGen      total 98304K, used 7084K [0x00000000eab00000, 0x00000000f1800000, 0x0000000100000000)
  eden space 91136K, 0% used [0x00000000eab00000,0x00000000eab00000,0x00000000f0400000)
  from space 7168K, 98% used [0x00000000f1100000,0x00000000f17eb050,0x00000000f1800000)
  to   space 9216K, 0% used [0x00000000f0600000,0x00000000f0600000,0x00000000f0f00000)
 ParOldGen       total 42496K, used 12376K [0x00000000c0000000, 0x00000000c2980000, 0x00000000eab00000)
  object space 42496K, 29% used [0x00000000c0000000,0x00000000c0c16378,0x00000000c2980000)
 Metaspace       used 29523K, capacity 30098K, committed 30336K, reserved 1075200K
  class space    used 3981K, capacity 4181K, committed 4224K, reserved 1048576K
}
Event: 13.258 GC heap before
{Heap before GC invocations=10 (full 1):
 PSYoungGen      total 98304K, used 98220K [0x00000000eab00000, 0x00000000f1800000, 0x0000000100000000)
  eden space 91136K, 100% used [0x00000000eab00000,0x00000000f0400000,0x00000000f0400000)
  from space 7168K, 98% used [0x00000000f1100000,0x00000000f17eb050,0x00000000f1800000)
  to   space 9216K, 0% used [0x00000000f0600000,0x00000000f0600000,0x00000000f0f00000)
 ParOldGen       total 42496K, used 12376K [0x00000000c0000000, 0x00000000c2980000, 0x00000000eab00000)
  object space 42496K, 29% used [0x00000000c0000000,0x00000000c0c16378,0x00000000c2980000)
 Metaspace       used 34590K, capacity 35284K, committed 35456K, reserved 1079296K
  class space    used 4733K, capacity 4895K, committed 4992K, reserved 1048576K
Event: 13.301 GC heap after
Heap after GC invocations=10 (full 1):
 PSYoungGen      total 100352K, used 9209K [0x00000000eab00000, 0x00000000f1800000, 0x0000000100000000)
  eden space 91136K, 0% used [0x00000000eab00000,0x00000000eab00000,0x00000000f0400000)
  from space 9216K, 99% used [0x00000000f0600000,0x00000000f0efe5c0,0x00000000f0f00000)
  to   space 7168K, 0% used [0x00000000f1100000,0x00000000f1100000,0x00000000f1800000)
 ParOldGen       total 42496K, used 19597K [0x00000000c0000000, 0x00000000c2980000, 0x00000000eab00000)
  object space 42496K, 46% used [0x00000000c0000000,0x00000000c1323538,0x00000000c2980000)
 Metaspace       used 34590K, capacity 35284K, committed 35456K, reserved 1079296K
  class space    used 4733K, capacity 4895K, committed 4992K, reserved 1048576K
}
Event: 13.382 GC heap before
{Heap before GC invocations=11 (full 1):
 PSYoungGen      total 100352K, used 17027K [0x00000000eab00000, 0x00000000f1800000, 0x0000000100000000)
  eden space 91136K, 8% used [0x00000000eab00000,0x00000000eb2a2650,0x00000000f0400000)
  from space 9216K, 99% used [0x00000000f0600000,0x00000000f0efe5c0,0x00000000f0f00000)
  to   space 7168K, 0% used [0x00000000f1100000,0x00000000f1100000,0x00000000f1800000)
 ParOldGen       total 42496K, used 19597K [0x00000000c0000000, 0x00000000c2980000, 0x00000000eab00000)
  object space 42496K, 46% used [0x00000000c0000000,0x00000000c1323538,0x00000000c2980000)
 Metaspace       used 34706K, capacity 35340K, committed 35456K, reserved 1079296K
  class space    used 4767K, capacity 4935K, committed 4992K, reserved 1048576K
Event: 13.397 GC heap after
Heap after GC invocations=11 (full 1):
 PSYoungGen      total 98304K, used 7161K [0x00000000eab00000, 0x00000000f1800000, 0x0000000100000000)
  eden space 91136K, 0% used [0x00000000eab00000,0x00000000eab00000,0x00000000f0400000)
  from space 7168K, 99% used [0x00000000f1100000,0x00000000f17fe5c0,0x00000000f1800000)
  to   space 9216K, 0% used [0x00000000f0600000,0x00000000f0600000,0x00000000f0f00000)
 ParOldGen       total 42496K, used 22736K [0x00000000c0000000, 0x00000000c2980000, 0x00000000eab00000)
  object space 42496K, 53% used [0x00000000c0000000,0x00000000c1634190,0x00000000c2980000)
 Metaspace       used 34706K, capacity 35340K, committed 35456K, reserved 1079296K
  class space    used 4767K, capacity 4935K, committed 4992K, reserved 1048576K
}
Event: 13.398 GC heap before
{Heap before GC invocations=12 (full 2):
 PSYoungGen      total 98304K, used 7161K [0x00000000eab00000, 0x00000000f1800000, 0x0000000100000000)
  eden space 91136K, 0% used [0x00000000eab00000,0x00000000eab00000,0x00000000f0400000)
  from space 7168K, 99% used [0x00000000f1100000,0x00000000f17fe5c0,0x00000000f1800000)
  to   space 9216K, 0% used [0x00000000f0600000,0x00000000f0600000,0x00000000f0f00000)
 ParOldGen       total 42496K, used 22736K [0x00000000c0000000, 0x00000000c2980000, 0x00000000eab00000)
  object space 42496K, 53% used [0x00000000c0000000,0x00000000c1634190,0x00000000c2980000)
 Metaspace       used 34706K, capacity 35340K, committed 35456K, reserved 1079296K
  class space    used 4767K, capacity 4935K, committed 4992K, reserved 1048576K
Event: 13.575 GC heap after
Heap after GC invocations=12 (full 2):
 PSYoungGen      total 98304K, used 0K [0x00000000eab00000, 0x00000000f1800000, 0x0000000100000000)
  eden space 91136K, 0% used [0x00000000eab00000,0x00000000eab00000,0x00000000f0400000)
  from space 7168K, 0% used [0x00000000f1100000,0x00000000f1100000,0x00000000f1800000)
  to   space 9216K, 0% used [0x00000000f0600000,0x00000000f0600000,0x00000000f0f00000)
 ParOldGen       total 61952K, used 21564K [0x00000000c0000000, 0x00000000c3c80000, 0x00000000eab00000)
  object space 61952K, 34% used [0x00000000c0000000,0x00000000c150f330,0x00000000c3c80000)
 Metaspace       used 34706K, capacity 35340K, committed 35456K, reserved 1079296K
  class space    used 4767K, capacity 4935K, committed 4992K, reserved 1048576K
}

