# JRE version: Java(TM) SE Runtime Environment (8.0_60-b27) (build 1.8.0_60-b27)
# Java VM: Java HotSpot(TM) 64-Bit Server VM (25.60-b23 mixed mode windows-amd64 compressed oops)
Heap:
 PSYoungGen      total 232448K, used 47873K [0x00000000eab00000, 0x00000000fa000000, 0x0000000100000000)
  eden space 223744K, 17% used [0x00000000eab00000,0x00000000ed140860,0x00000000f8580000)
  from space 8704K, 99% used [0x00000000f9180000,0x00000000f99ffda8,0x00000000f9a00000)
  to   space 12288K, 0% used [0x00000000f8580000,0x00000000f8580000,0x00000000f9180000)
 ParOldGen       total 32768K, used 12191K [0x00000000c0000000, 0x00000000c2000000, 0x00000000eab00000)
  object space 32768K, 37% used [0x00000000c0000000,0x00000000c0be7d48,0x00000000c2000000)
 Metaspace       used 32895K, capacity 33682K, committed 33792K, reserved 1079296K
  class space    used 4366K, capacity 4603K, committed 4608K, reserved 1048576K
GC Heap History (10 events):
Event: 9.412 GC heap before
{Heap before GC invocations=5 (full 0):
 PSYoungGen      total 68096K, used 15333K [0x00000000eab00000, 0x00000000ef000000, 0x0000000100000000)
  eden space 65536K, 19% used [0x00000000eab00000,0x00000000eb77d788,0x00000000eeb00000)
  from space 2560K, 99% used [0x00000000eed80000,0x00000000eeffc010,0x00000000ef000000)
  to   space 2560K, 0% used [0x00000000eeb00000,0x00000000eeb00000,0x00000000eed80000)
 ParOldGen       total 44032K, used 10605K [0x00000000c0000000, 0x00000000c2b00000, 0x00000000eab00000)
  object space 44032K, 24% used [0x00000000c0000000,0x00000000c0a5b4c0,0x00000000c2b00000)
 Metaspace       used 20728K, capacity 21118K, committed 21296K, reserved 1067008K
  class space    used 2721K, capacity 2860K, committed 2944K, reserved 1048576K
Event: 9.835 GC heap after
Heap after GC invocations=5 (full 0):
 PSYoungGen      total 68096K, used 2536K [0x00000000eab00000, 0x00000000f3d00000, 0x0000000100000000)
  eden space 65536K, 0% used [0x00000000eab00000,0x00000000eab00000,0x00000000eeb00000)
  from space 2560K, 99% used [0x00000000eeb00000,0x00000000eed7a0e0,0x00000000eed80000)
  to   space 9216K, 0% used [0x00000000f3400000,0x00000000f3400000,0x00000000f3d00000)
 ParOldGen       total 44032K, used 12401K [0x00000000c0000000, 0x00000000c2b00000, 0x00000000eab00000)
  object space 44032K, 28% used [0x00000000c0000000,0x00000000c0c1c6e8,0x00000000c2b00000)
 Metaspace       used 20728K, capacity 21118K, committed 21296K, reserved 1067008K
  class space    used 2721K, capacity 2860K, committed 2944K, reserved 1048576K
}
Event: 9.835 GC heap before
{Heap before GC invocations=6 (full 1):
 PSYoungGen      total 68096K, used 2536K [0x00000000eab00000, 0x00000000f3d00000, 0x0000000100000000)
  eden space 65536K, 0% used [0x00000000eab00000,0x00000000eab00000,0x00000000eeb00000)
  from space 2560K, 99% used [0x00000000eeb00000,0x00000000eed7a0e0,0x00000000eed80000)
  to   space 9216K, 0% used [0x00000000f3400000,0x00000000f3400000,0x00000000f3d00000)
 ParOldGen       total 44032K, used 12401K [0x00000000c0000000, 0x00000000c2b00000, 0x00000000eab00000)
  object space 44032K, 28% used [0x00000000c0000000,0x00000000c0c1c6e8,0x00000000c2b00000)
 Metaspace       used 20728K, capacity 21118K, committed 21296K, reserved 1067008K
  class space    used 2721K, capacity 2860K, committed 2944K, reserved 1048576K
Event: 9.979 GC heap after
Heap after GC invocations=6 (full 1):
 PSYoungGen      total 68096K, used 0K [0x00000000eab00000, 0x00000000f3d00000, 0x0000000100000000)
  eden space 65536K, 0% used [0x00000000eab00000,0x00000000eab00000,0x00000000eeb00000)
  from space 2560K, 0% used [0x00000000eeb00000,0x00000000eeb00000,0x00000000eed80000)
  to   space 9216K, 0% used [0x00000000f3400000,0x00000000f3400000,0x00000000f3d00000)
 ParOldGen       total 32768K, used 7754K [0x00000000c0000000, 0x00000000c2000000, 0x00000000eab00000)
  object space 32768K, 23% used [0x00000000c0000000,0x00000000c0792980,0x00000000c2000000)
 Metaspace       used 20728K, capacity 21118K, committed 21296K, reserved 1067008K
  class space    used 2721K, capacity 2860K, committed 2944K, reserved 1048576K
}
Event: 11.062 GC heap before
{Heap before GC invocations=7 (full 1):
 PSYoungGen      total 68096K, used 65536K [0x00000000eab00000, 0x00000000f3d00000, 0x0000000100000000)
  eden space 65536K, 100% used [0x00000000eab00000,0x00000000eeb00000,0x00000000eeb00000)
  from space 2560K, 0% used [0x00000000eeb00000,0x00000000eeb00000,0x00000000eed80000)
  to   space 9216K, 0% used [0x00000000f3400000,0x00000000f3400000,0x00000000f3d00000)
 ParOldGen       total 32768K, used 7754K [0x00000000c0000000, 0x00000000c2000000, 0x00000000eab00000)
  object space 32768K, 23% used [0x00000000c0000000,0x00000000c0792980,0x00000000c2000000)
 Metaspace       used 21204K, capacity 21598K, committed 21888K, reserved 1069056K
  class space    used 2755K, capacity 2892K, committed 2944K, reserved 1048576K
Event: 11.142 GC heap after
Heap after GC invocations=7 (full 1):
 PSYoungGen      total 124416K, used 1568K [0x00000000eab00000, 0x00000000f3600000, 0x0000000100000000)
  eden space 122368K, 0% used [0x00000000eab00000,0x00000000eab00000,0x00000000f2280000)
  from space 2048K, 76% used [0x00000000f3400000,0x00000000f3588030,0x00000000f3600000)
  to   space 9216K, 0% used [0x00000000f2400000,0x00000000f2400000,0x00000000f2d00000)
 ParOldGen       total 32768K, used 7762K [0x00000000c0000000, 0x00000000c2000000, 0x00000000eab00000)
  object space 32768K, 23% used [0x00000000c0000000,0x00000000c0794980,0x00000000c2000000)
 Metaspace       used 21204K, capacity 21598K, committed 21888K, reserved 1069056K
  class space    used 2755K, capacity 2892K, committed 2944K, reserved 1048576K
}
Event: 13.385 GC heap before
{Heap before GC invocations=8 (full 1):
 PSYoungGen      total 124416K, used 123936K [0x00000000eab00000, 0x00000000f3600000, 0x0000000100000000)
  eden space 122368K, 100% used [0x00000000eab00000,0x00000000f2280000,0x00000000f2280000)
  from space 2048K, 76% used [0x00000000f3400000,0x00000000f3588030,0x00000000f3600000)
  to   space 9216K, 0% used [0x00000000f2400000,0x00000000f2400000,0x00000000f2d00000)
 ParOldGen       total 32768K, used 7762K [0x00000000c0000000, 0x00000000c2000000, 0x00000000eab00000)
  object space 32768K, 23% used [0x00000000c0000000,0x00000000c0794980,0x00000000c2000000)
 Metaspace       used 22265K, capacity 22666K, committed 22784K, reserved 1069056K
  class space    used 2850K, capacity 2990K, committed 3072K, reserved 1048576K
Event: 13.531 GC heap after
Heap after GC invocations=8 (full 1):
 PSYoungGen      total 133120K, used 4027K [0x00000000eab00000, 0x00000000f9a00000, 0x0000000100000000)
  eden space 123904K, 0% used [0x00000000eab00000,0x00000000eab00000,0x00000000f2400000)
  from space 9216K, 43% used [0x00000000f2400000,0x00000000f27eeed0,0x00000000f2d00000)
  to   space 8704K, 0% used [0x00000000f9180000,0x00000000f9180000,0x00000000f9a00000)
 ParOldGen       total 32768K, used 7770K [0x00000000c0000000, 0x00000000c2000000, 0x00000000eab00000)
  object space 32768K, 23% used [0x00000000c0000000,0x00000000c0796980,0x00000000c2000000)
 Metaspace       used 22265K, capacity 22666K, committed 22784K, reserved 1069056K
  class space    used 2850K, capacity 2990K, committed 3072K, reserved 1048576K
}
Event: 28.992 GC heap before
{Heap before GC invocations=9 (full 1):
 PSYoungGen      total 133120K, used 127931K [0x00000000eab00000, 0x00000000f9a00000, 0x0000000100000000)
  eden space 123904K, 100% used [0x00000000eab00000,0x00000000f2400000,0x00000000f2400000)
  from space 9216K, 43% used [0x00000000f2400000,0x00000000f27eeed0,0x00000000f2d00000)
  to   space 8704K, 0% used [0x00000000f9180000,0x00000000f9180000,0x00000000f9a00000)
 ParOldGen       total 32768K, used 7770K [0x00000000c0000000, 0x00000000c2000000, 0x00000000eab00000)
  object space 32768K, 23% used [0x00000000c0000000,0x00000000c0796980,0x00000000c2000000)
 Metaspace       used 30255K, capacity 30838K, committed 31104K, reserved 1077248K
  class space    used 4006K, capacity 4163K, committed 4224K, reserved 1048576K
Event: 29.180 GC heap after
Heap after GC invocations=9 (full 1):
 PSYoungGen      total 232448K, used 8703K [0x00000000eab00000, 0x00000000fa000000, 0x0000000100000000)
  eden space 223744K, 0% used [0x00000000eab00000,0x00000000eab00000,0x00000000f8580000)
  from space 8704K, 99% used [0x00000000f9180000,0x00000000f99ffda8,0x00000000f9a00000)
  to   space 12288K, 0% used [0x00000000f8580000,0x00000000f8580000,0x00000000f9180000)
 ParOldGen       total 32768K, used 12191K [0x00000000c0000000, 0x00000000c2000000, 0x00000000eab00000)
  object space 32768K, 37% used [0x00000000c0000000,0x00000000c0be7d48,0x00000000c2000000)
 Metaspace       used 30255K, capacity 30838K, committed 31104K, reserved 1077248K
  class space    used 4006K, capacity 4163K, committed 4224K, reserved 1048576K
}

