# JRE version: Java(TM) SE Runtime Environment (8.0_60-b27) (build 1.8.0_60-b27)
# Java VM: Java HotSpot(TM) 64-Bit Server VM (25.60-b23 mixed mode windows-amd64 compressed oops)
Heap:
 PSYoungGen      total 152576K, used 112528K [0x00000000eab00000, 0x00000000f5100000, 0x0000000100000000)
  eden space 142336K, 77% used [0x00000000eab00000,0x00000000f162c260,0x00000000f3600000)
  from space 10240K, 27% used [0x00000000f4700000,0x00000000f49b8000,0x00000000f5100000)
  to   space 13824K, 0% used [0x00000000f3600000,0x00000000f3600000,0x00000000f4380000)
 ParOldGen       total 53760K, used 32681K [0x00000000c0000000, 0x00000000c3480000, 0x00000000eab00000)
  object space 53760K, 60% used [0x00000000c0000000,0x00000000c1fea700,0x00000000c3480000)
 Metaspace       used 40794K, capacity 41792K, committed 42112K, reserved 1085440K
  class space    used 5588K, capacity 5896K, committed 6016K, reserved 1048576K
GC Heap History (10 events):
Event: 11.331 GC heap before
{Heap before GC invocations=12 (full 1):
 PSYoungGen      total 83456K, used 83438K [0x00000000eab00000, 0x00000000f0f00000, 0x0000000100000000)
  eden space 76288K, 100% used [0x00000000eab00000,0x00000000ef580000,0x00000000ef580000)
  from space 7168K, 99% used [0x00000000efe00000,0x00000000f04fbb38,0x00000000f0500000)
  to   space 8704K, 0% used [0x00000000ef580000,0x00000000ef580000,0x00000000efe00000)
 ParOldGen       total 35840K, used 13002K [0x00000000c0000000, 0x00000000c2300000, 0x00000000eab00000)
  object space 35840K, 36% used [0x00000000c0000000,0x00000000c0cb2970,0x00000000c2300000)
 Metaspace       used 34384K, capacity 35060K, committed 35328K, reserved 1079296K
  class space    used 4679K, capacity 4862K, committed 4864K, reserved 1048576K
Event: 11.377 GC heap after
Heap after GC invocations=12 (full 1):
 PSYoungGen      total 84992K, used 8694K [0x00000000eab00000, 0x00000000f2680000, 0x0000000100000000)
  eden space 76288K, 0% used [0x00000000eab00000,0x00000000eab00000,0x00000000ef580000)
  from space 8704K, 99% used [0x00000000ef580000,0x00000000efdfdbf0,0x00000000efe00000)
  to   space 11264K, 0% used [0x00000000f1b80000,0x00000000f1b80000,0x00000000f2680000)
 ParOldGen       total 35840K, used 17713K [0x00000000c0000000, 0x00000000c2300000, 0x00000000eab00000)
  object space 35840K, 49% used [0x00000000c0000000,0x00000000c114c718,0x00000000c2300000)
 Metaspace       used 34384K, capacity 35060K, committed 35328K, reserved 1079296K
  class space    used 4679K, capacity 4862K, committed 4864K, reserved 1048576K
}
Event: 11.578 GC heap before
{Heap before GC invocations=13 (full 1):
 PSYoungGen      total 84992K, used 18364K [0x00000000eab00000, 0x00000000f2680000, 0x0000000100000000)
  eden space 76288K, 12% used [0x00000000eab00000,0x00000000eb471670,0x00000000ef580000)
  from space 8704K, 99% used [0x00000000ef580000,0x00000000efdfdbf0,0x00000000efe00000)
  to   space 11264K, 0% used [0x00000000f1b80000,0x00000000f1b80000,0x00000000f2680000)
 ParOldGen       total 35840K, used 17713K [0x00000000c0000000, 0x00000000c2300000, 0x00000000eab00000)
  object space 35840K, 49% used [0x00000000c0000000,0x00000000c114c718,0x00000000c2300000)
 Metaspace       used 34666K, capacity 35296K, committed 35456K, reserved 1079296K
  class space    used 4716K, capacity 4897K, committed 4992K, reserved 1048576K
Event: 11.614 GC heap after
Heap after GC invocations=13 (full 1):
 PSYoungGen      total 114688K, used 960K [0x00000000eab00000, 0x00000000f2e80000, 0x0000000100000000)
  eden space 103424K, 0% used [0x00000000eab00000,0x00000000eab00000,0x00000000f1000000)
  from space 11264K, 8% used [0x00000000f1b80000,0x00000000f1c70000,0x00000000f2680000)
  to   space 11776K, 0% used [0x00000000f1000000,0x00000000f1000000,0x00000000f1b80000)
 ParOldGen       total 35840K, used 24455K [0x00000000c0000000, 0x00000000c2300000, 0x00000000eab00000)
  object space 35840K, 68% used [0x00000000c0000000,0x00000000c17e1cd8,0x00000000c2300000)
 Metaspace       used 34666K, capacity 35296K, committed 35456K, reserved 1079296K
  class space    used 4716K, capacity 4897K, committed 4992K, reserved 1048576K
}
Event: 11.614 GC heap before
{Heap before GC invocations=14 (full 2):
 PSYoungGen      total 114688K, used 960K [0x00000000eab00000, 0x00000000f2e80000, 0x0000000100000000)
  eden space 103424K, 0% used [0x00000000eab00000,0x00000000eab00000,0x00000000f1000000)
  from space 11264K, 8% used [0x00000000f1b80000,0x00000000f1c70000,0x00000000f2680000)
  to   space 11776K, 0% used [0x00000000f1000000,0x00000000f1000000,0x00000000f1b80000)
 ParOldGen       total 35840K, used 24455K [0x00000000c0000000, 0x00000000c2300000, 0x00000000eab00000)
  object space 35840K, 68% used [0x00000000c0000000,0x00000000c17e1cd8,0x00000000c2300000)
 Metaspace       used 34666K, capacity 35296K, committed 35456K, reserved 1079296K
  class space    used 4716K, capacity 4897K, committed 4992K, reserved 1048576K
Event: 11.786 GC heap after
Heap after GC invocations=14 (full 2):
 PSYoungGen      total 114688K, used 0K [0x00000000eab00000, 0x00000000f2e80000, 0x0000000100000000)
  eden space 103424K, 0% used [0x00000000eab00000,0x00000000eab00000,0x00000000f1000000)
  from space 11264K, 0% used [0x00000000f1b80000,0x00000000f1b80000,0x00000000f2680000)
  to   space 11776K, 0% used [0x00000000f1000000,0x00000000f1000000,0x00000000f1b80000)
 ParOldGen       total 53760K, used 20951K [0x00000000c0000000, 0x00000000c3480000, 0x00000000eab00000)
  object space 53760K, 38% used [0x00000000c0000000,0x00000000c1475f08,0x00000000c3480000)
 Metaspace       used 34666K, capacity 35296K, committed 35456K, reserved 1079296K
  class space    used 4716K, capacity 4897K, committed 4992K, reserved 1048576K
}
Event: 21.653 GC heap before
{Heap before GC invocations=15 (full 2):
 PSYoungGen      total 114688K, used 103424K [0x00000000eab00000, 0x00000000f2e80000, 0x0000000100000000)
  eden space 103424K, 100% used [0x00000000eab00000,0x00000000f1000000,0x00000000f1000000)
  from space 11264K, 0% used [0x00000000f1b80000,0x00000000f1b80000,0x00000000f2680000)
  to   space 11776K, 0% used [0x00000000f1000000,0x00000000f1000000,0x00000000f1b80000)
 ParOldGen       total 53760K, used 20951K [0x00000000c0000000, 0x00000000c3480000, 0x00000000eab00000)
  object space 53760K, 38% used [0x00000000c0000000,0x00000000c1475f08,0x00000000c3480000)
 Metaspace       used 38227K, capacity 39070K, committed 39424K, reserved 1083392K
  class space    used 5287K, capacity 5515K, committed 5632K, reserved 1048576K
Event: 21.674 GC heap after
Heap after GC invocations=15 (full 2):
 PSYoungGen      total 115200K, used 11744K [0x00000000eab00000, 0x00000000f5480000, 0x0000000100000000)
  eden space 103424K, 0% used [0x00000000eab00000,0x00000000eab00000,0x00000000f1000000)
  from space 11776K, 99% used [0x00000000f1000000,0x00000000f1b78010,0x00000000f1b80000)
  to   space 13824K, 0% used [0x00000000f4700000,0x00000000f4700000,0x00000000f5480000)
 ParOldGen       total 53760K, used 22325K [0x00000000c0000000, 0x00000000c3480000, 0x00000000eab00000)
  object space 53760K, 41% used [0x00000000c0000000,0x00000000c15cd630,0x00000000c3480000)
 Metaspace       used 38227K, capacity 39070K, committed 39424K, reserved 1083392K
  class space    used 5287K, capacity 5515K, committed 5632K, reserved 1048576K
}
Event: 27.233 GC heap before
{Heap before GC invocations=16 (full 2):
 PSYoungGen      total 115200K, used 115168K [0x00000000eab00000, 0x00000000f5480000, 0x0000000100000000)
  eden space 103424K, 100% used [0x00000000eab00000,0x00000000f1000000,0x00000000f1000000)
  from space 11776K, 99% used [0x00000000f1000000,0x00000000f1b78010,0x00000000f1b80000)
  to   space 13824K, 0% used [0x00000000f4700000,0x00000000f4700000,0x00000000f5480000)
 ParOldGen       total 53760K, used 22325K [0x00000000c0000000, 0x00000000c3480000, 0x00000000eab00000)
  object space 53760K, 41% used [0x00000000c0000000,0x00000000c15cd630,0x00000000c3480000)
 Metaspace       used 38527K, capacity 39404K, committed 39680K, reserved 1083392K
  class space    used 5297K, capacity 5528K, committed 5632K, reserved 1048576K
Event: 27.252 GC heap after
Heap after GC invocations=16 (full 2):
 PSYoungGen      total 152576K, used 2784K [0x00000000eab00000, 0x00000000f5100000, 0x0000000100000000)
  eden space 142336K, 0% used [0x00000000eab00000,0x00000000eab00000,0x00000000f3600000)
  from space 10240K, 27% used [0x00000000f4700000,0x00000000f49b8000,0x00000000f5100000)
  to   space 13824K, 0% used [0x00000000f3600000,0x00000000f3600000,0x00000000f4380000)
 ParOldGen       total 53760K, used 32681K [0x00000000c0000000, 0x00000000c3480000, 0x00000000eab00000)
  object space 53760K, 60% used [0x00000000c0000000,0x00000000c1fea700,0x00000000c3480000)
 Metaspace       used 38527K, capacity 39404K, committed 39680K, reserved 1083392K
  class space    used 5297K, capacity 5528K, committed 5632K, reserved 1048576K
}

