# JRE version: Java(TM) SE Runtime Environment (8.0_60-b27) (build 1.8.0_60-b27)
# Java VM: Java HotSpot(TM) 64-Bit Server VM (25.60-b23 mixed mode windows-amd64 compressed oops)
Heap:
 PSYoungGen      total 189952K, used 49246K [0x00000000eab00000, 0x00000000f9e80000, 0x0000000100000000)
  eden space 174592K, 24% used [0x00000000eab00000,0x00000000ed596450,0x00000000f5580000)
  from space 15360K, 36% used [0x00000000f6400000,0x00000000f69815c0,0x00000000f7300000)
  to   space 14848K, 0% used [0x00000000f5580000,0x00000000f5580000,0x00000000f6400000)
 ParOldGen       total 61440K, used 39030K [0x00000000c0000000, 0x00000000c3c00000, 0x00000000eab00000)
  object space 61440K, 63% used [0x00000000c0000000,0x00000000c261dbd0,0x00000000c3c00000)
 Metaspace       used 46264K, capacity 48304K, committed 48640K, reserved 1091584K
  class space    used 6350K, capacity 6852K, committed 6912K, reserved 1048576K
GC Heap History (10 events):
Event: 15.776 GC heap before
{Heap before GC invocations=13 (full 2):
 PSYoungGen      total 145408K, used 5294K [0x00000000eab00000, 0x00000000f7200000, 0x0000000100000000)
  eden space 133120K, 0% used [0x00000000eab00000,0x00000000eab00000,0x00000000f2d00000)
  from space 12288K, 43% used [0x00000000f2d00000,0x00000000f322b948,0x00000000f3900000)
  to   space 11776K, 0% used [0x00000000f6680000,0x00000000f6680000,0x00000000f7200000)
 ParOldGen       total 37376K, used 17977K [0x00000000c0000000, 0x00000000c2480000, 0x00000000eab00000)
  object space 37376K, 48% used [0x00000000c0000000,0x00000000c118e520,0x00000000c2480000)
 Metaspace       used 34707K, capacity 35436K, committed 35496K, reserved 1079296K
  class space    used 4635K, capacity 4836K, committed 4864K, reserved 1048576K
Event: 16.097 GC heap after
Heap after GC invocations=13 (full 2):
 PSYoungGen      total 145408K, used 0K [0x00000000eab00000, 0x00000000f7200000, 0x0000000100000000)
  eden space 133120K, 0% used [0x00000000eab00000,0x00000000eab00000,0x00000000f2d00000)
  from space 12288K, 0% used [0x00000000f2d00000,0x00000000f2d00000,0x00000000f3900000)
  to   space 11776K, 0% used [0x00000000f6680000,0x00000000f6680000,0x00000000f7200000)
 ParOldGen       total 61440K, used 19582K [0x00000000c0000000, 0x00000000c3c00000, 0x00000000eab00000)
  object space 61440K, 31% used [0x00000000c0000000,0x00000000c131fa78,0x00000000c3c00000)
 Metaspace       used 34687K, capacity 35414K, committed 35496K, reserved 1079296K
  class space    used 4629K, capacity 4830K, committed 4864K, reserved 1048576K
}
Event: 19.848 GC heap before
{Heap before GC invocations=14 (full 2):
 PSYoungGen      total 145408K, used 133120K [0x00000000eab00000, 0x00000000f7200000, 0x0000000100000000)
  eden space 133120K, 100% used [0x00000000eab00000,0x00000000f2d00000,0x00000000f2d00000)
  from space 12288K, 0% used [0x00000000f2d00000,0x00000000f2d00000,0x00000000f3900000)
  to   space 11776K, 0% used [0x00000000f6680000,0x00000000f6680000,0x00000000f7200000)
 ParOldGen       total 61440K, used 19582K [0x00000000c0000000, 0x00000000c3c00000, 0x00000000eab00000)
  object space 61440K, 31% used [0x00000000c0000000,0x00000000c131fa78,0x00000000c3c00000)
 Metaspace       used 40172K, capacity 41096K, committed 41344K, reserved 1085440K
  class space    used 5464K, capacity 5692K, committed 5760K, reserved 1048576K
Event: 19.885 GC heap after
Heap after GC invocations=14 (full 2):
 PSYoungGen      total 185856K, used 11744K [0x00000000eab00000, 0x00000000f7300000, 0x0000000100000000)
  eden space 174080K, 0% used [0x00000000eab00000,0x00000000eab00000,0x00000000f5500000)
  from space 11776K, 99% used [0x00000000f6680000,0x00000000f71f8310,0x00000000f7200000)
  to   space 15360K, 0% used [0x00000000f5500000,0x00000000f5500000,0x00000000f6400000)
 ParOldGen       total 61440K, used 25198K [0x00000000c0000000, 0x00000000c3c00000, 0x00000000eab00000)
  object space 61440K, 41% used [0x00000000c0000000,0x00000000c189ba58,0x00000000c3c00000)
 Metaspace       used 40172K, capacity 41096K, committed 41344K, reserved 1085440K
  class space    used 5464K, capacity 5692K, committed 5760K, reserved 1048576K
}
Event: 22.244 GC heap before
{Heap before GC invocations=15 (full 2):
 PSYoungGen      total 185856K, used 98779K [0x00000000eab00000, 0x00000000f7300000, 0x0000000100000000)
  eden space 174080K, 49% used [0x00000000eab00000,0x00000000efffec80,0x00000000f5500000)
  from space 11776K, 99% used [0x00000000f6680000,0x00000000f71f8310,0x00000000f7200000)
  to   space 15360K, 0% used [0x00000000f5500000,0x00000000f5500000,0x00000000f6400000)
 ParOldGen       total 61440K, used 25198K [0x00000000c0000000, 0x00000000c3c00000, 0x00000000eab00000)
  object space 61440K, 41% used [0x00000000c0000000,0x00000000c189ba58,0x00000000c3c00000)
 Metaspace       used 43085K, capacity 44646K, committed 44800K, reserved 1087488K
  class space    used 5946K, capacity 6351K, committed 6400K, reserved 1048576K
Event: 22.461 GC heap after
Heap after GC invocations=15 (full 2):
 PSYoungGen      total 189440K, used 8746K [0x00000000eab00000, 0x00000000f7300000, 0x0000000100000000)
  eden space 174080K, 0% used [0x00000000eab00000,0x00000000eab00000,0x00000000f5500000)
  from space 15360K, 56% used [0x00000000f5500000,0x00000000f5d8a9c0,0x00000000f6400000)
  to   space 15360K, 0% used [0x00000000f6400000,0x00000000f6400000,0x00000000f7300000)
 ParOldGen       total 61440K, used 36932K [0x00000000c0000000, 0x00000000c3c00000, 0x00000000eab00000)
  object space 61440K, 60% used [0x00000000c0000000,0x00000000c2411248,0x00000000c3c00000)
 Metaspace       used 43085K, capacity 44646K, committed 44800K, reserved 1087488K
  class space    used 5946K, capacity 6351K, committed 6400K, reserved 1048576K
}
Event: 22.461 GC heap before
{Heap before GC invocations=16 (full 3):
 PSYoungGen      total 189440K, used 8746K [0x00000000eab00000, 0x00000000f7300000, 0x0000000100000000)
  eden space 174080K, 0% used [0x00000000eab00000,0x00000000eab00000,0x00000000f5500000)
  from space 15360K, 56% used [0x00000000f5500000,0x00000000f5d8a9c0,0x00000000f6400000)
  to   space 15360K, 0% used [0x00000000f6400000,0x00000000f6400000,0x00000000f7300000)
 ParOldGen       total 61440K, used 36932K [0x00000000c0000000, 0x00000000c3c00000, 0x00000000eab00000)
  object space 61440K, 60% used [0x00000000c0000000,0x00000000c2411248,0x00000000c3c00000)
 Metaspace       used 43085K, capacity 44646K, committed 44800K, reserved 1087488K
  class space    used 5946K, capacity 6351K, committed 6400K, reserved 1048576K
Event: 23.349 GC heap after
Heap after GC invocations=16 (full 3):
 PSYoungGen      total 189440K, used 0K [0x00000000eab00000, 0x00000000f7300000, 0x0000000100000000)
  eden space 174080K, 0% used [0x00000000eab00000,0x00000000eab00000,0x00000000f5500000)
  from space 15360K, 0% used [0x00000000f5500000,0x00000000f5500000,0x00000000f6400000)
  to   space 15360K, 0% used [0x00000000f6400000,0x00000000f6400000,0x00000000f7300000)
 ParOldGen       total 61440K, used 39022K [0x00000000c0000000, 0x00000000c3c00000, 0x00000000eab00000)
  object space 61440K, 63% used [0x00000000c0000000,0x00000000c261bbd0,0x00000000c3c00000)
 Metaspace       used 43085K, capacity 44646K, committed 44800K, reserved 1087488K
  class space    used 5946K, capacity 6351K, committed 6400K, reserved 1048576K
}
Event: 93.927 GC heap before
{Heap before GC invocations=17 (full 3):
 PSYoungGen      total 189440K, used 174080K [0x00000000eab00000, 0x00000000f7300000, 0x0000000100000000)
  eden space 174080K, 100% used [0x00000000eab00000,0x00000000f5500000,0x00000000f5500000)
  from space 15360K, 0% used [0x00000000f5500000,0x00000000f5500000,0x00000000f6400000)
  to   space 15360K, 0% used [0x00000000f6400000,0x00000000f6400000,0x00000000f7300000)
 ParOldGen       total 61440K, used 39022K [0x00000000c0000000, 0x00000000c3c00000, 0x00000000eab00000)
  object space 61440K, 63% used [0x00000000c0000000,0x00000000c261bbd0,0x00000000c3c00000)
 Metaspace       used 45597K, capacity 47612K, committed 47744K, reserved 1089536K
  class space    used 6252K, capacity 6739K, committed 6784K, reserved 1048576K
Event: 93.937 GC heap after
Heap after GC invocations=17 (full 3):
 PSYoungGen      total 189952K, used 5637K [0x00000000eab00000, 0x00000000f9e80000, 0x0000000100000000)
  eden space 174592K, 0% used [0x00000000eab00000,0x00000000eab00000,0x00000000f5580000)
  from space 15360K, 36% used [0x00000000f6400000,0x00000000f69815c0,0x00000000f7300000)
  to   space 14848K, 0% used [0x00000000f5580000,0x00000000f5580000,0x00000000f6400000)
 ParOldGen       total 61440K, used 39030K [0x00000000c0000000, 0x00000000c3c00000, 0x00000000eab00000)
  object space 61440K, 63% used [0x00000000c0000000,0x00000000c261dbd0,0x00000000c3c00000)
 Metaspace       used 45597K, capacity 47612K, committed 47744K, reserved 1089536K
  class space    used 6252K, capacity 6739K, committed 6784K, reserved 1048576K
}

