# JRE version: Java(TM) SE Runtime Environment (8.0_60-b27) (build 1.8.0_60-b27)
# Java VM: Java HotSpot(TM) 64-Bit Server VM (25.60-b23 mixed mode windows-amd64 compressed oops)
Heap:
 PSYoungGen      total 129536K, used 127855K [0x00000000eab00000, 0x00000000f3c80000, 0x0000000100000000)
  eden space 120320K, 98% used [0x00000000eab00000,0x00000000f1ee24c0,0x00000000f2080000)
  from space 9216K, 99% used [0x00000000f2b80000,0x00000000f34797b8,0x00000000f3480000)
  to   space 11264K, 0% used [0x00000000f2080000,0x00000000f2080000,0x00000000f2b80000)
 ParOldGen       total 47104K, used 12120K [0x00000000c0000000, 0x00000000c2e00000, 0x00000000eab00000)
  object space 47104K, 25% used [0x00000000c0000000,0x00000000c0bd6198,0x00000000c2e00000)
 Metaspace       used 33840K, capacity 34568K, committed 34816K, reserved 1079296K
  class space    used 4548K, capacity 4765K, committed 4864K, reserved 1048576K
GC Heap History (10 events):
Event: 9.178 GC heap before
{Heap before GC invocations=5 (full 0):
 PSYoungGen      total 68096K, used 13942K [0x00000000eab00000, 0x00000000ef000000, 0x0000000100000000)
  eden space 65536K, 17% used [0x00000000eab00000,0x00000000eb621ac8,0x00000000eeb00000)
  from space 2560K, 99% used [0x00000000eed80000,0x00000000eeffc010,0x00000000ef000000)
  to   space 2560K, 0% used [0x00000000eeb00000,0x00000000eeb00000,0x00000000eed80000)
 ParOldGen       total 44032K, used 10605K [0x00000000c0000000, 0x00000000c2b00000, 0x00000000eab00000)
  object space 44032K, 24% used [0x00000000c0000000,0x00000000c0a5b460,0x00000000c2b00000)
 Metaspace       used 20782K, capacity 21134K, committed 21296K, reserved 1067008K
  class space    used 2725K, capacity 2860K, committed 2944K, reserved 1048576K
Event: 9.239 GC heap after
Heap after GC invocations=5 (full 0):
 PSYoungGen      total 68096K, used 2544K [0x00000000eab00000, 0x00000000f3d00000, 0x0000000100000000)
  eden space 65536K, 0% used [0x00000000eab00000,0x00000000eab00000,0x00000000eeb00000)
  from space 2560K, 99% used [0x00000000eeb00000,0x00000000eed7c030,0x00000000eed80000)
  to   space 9216K, 0% used [0x00000000f3400000,0x00000000f3400000,0x00000000f3d00000)
 ParOldGen       total 44032K, used 12518K [0x00000000c0000000, 0x00000000c2b00000, 0x00000000eab00000)
  object space 44032K, 28% used [0x00000000c0000000,0x00000000c0c39818,0x00000000c2b00000)
 Metaspace       used 20782K, capacity 21134K, committed 21296K, reserved 1067008K
  class space    used 2725K, capacity 2860K, committed 2944K, reserved 1048576K
}
Event: 9.239 GC heap before
{Heap before GC invocations=6 (full 1):
 PSYoungGen      total 68096K, used 2544K [0x00000000eab00000, 0x00000000f3d00000, 0x0000000100000000)
  eden space 65536K, 0% used [0x00000000eab00000,0x00000000eab00000,0x00000000eeb00000)
  from space 2560K, 99% used [0x00000000eeb00000,0x00000000eed7c030,0x00000000eed80000)
  to   space 9216K, 0% used [0x00000000f3400000,0x00000000f3400000,0x00000000f3d00000)
 ParOldGen       total 44032K, used 12518K [0x00000000c0000000, 0x00000000c2b00000, 0x00000000eab00000)
  object space 44032K, 28% used [0x00000000c0000000,0x00000000c0c39818,0x00000000c2b00000)
 Metaspace       used 20782K, capacity 21134K, committed 21296K, reserved 1067008K
  class space    used 2725K, capacity 2860K, committed 2944K, reserved 1048576K
Event: 10.552 GC heap after
Heap after GC invocations=6 (full 1):
 PSYoungGen      total 68096K, used 0K [0x00000000eab00000, 0x00000000f3d00000, 0x0000000100000000)
  eden space 65536K, 0% used [0x00000000eab00000,0x00000000eab00000,0x00000000eeb00000)
  from space 2560K, 0% used [0x00000000eeb00000,0x00000000eeb00000,0x00000000eed80000)
  to   space 9216K, 0% used [0x00000000f3400000,0x00000000f3400000,0x00000000f3d00000)
 ParOldGen       total 47104K, used 11366K [0x00000000c0000000, 0x00000000c2e00000, 0x00000000eab00000)
  object space 47104K, 24% used [0x00000000c0000000,0x00000000c0b19948,0x00000000c2e00000)
 Metaspace       used 20782K, capacity 21134K, committed 21296K, reserved 1067008K
  class space    used 2725K, capacity 2860K, committed 2944K, reserved 1048576K
}
Event: 11.583 GC heap before
{Heap before GC invocations=7 (full 1):
 PSYoungGen      total 68096K, used 65536K [0x00000000eab00000, 0x00000000f3d00000, 0x0000000100000000)
  eden space 65536K, 100% used [0x00000000eab00000,0x00000000eeb00000,0x00000000eeb00000)
  from space 2560K, 0% used [0x00000000eeb00000,0x00000000eeb00000,0x00000000eed80000)
  to   space 9216K, 0% used [0x00000000f3400000,0x00000000f3400000,0x00000000f3d00000)
 ParOldGen       total 47104K, used 11366K [0x00000000c0000000, 0x00000000c2e00000, 0x00000000eab00000)
  object space 47104K, 24% used [0x00000000c0000000,0x00000000c0b19948,0x00000000c2e00000)
 Metaspace       used 21112K, capacity 21550K, committed 21632K, reserved 1069056K
  class space    used 2753K, capacity 2892K, committed 2944K, reserved 1048576K
Event: 11.668 GC heap after
Heap after GC invocations=7 (full 1):
 PSYoungGen      total 82432K, used 1456K [0x00000000eab00000, 0x00000000f3580000, 0x0000000100000000)
  eden space 80896K, 0% used [0x00000000eab00000,0x00000000eab00000,0x00000000efa00000)
  from space 1536K, 94% used [0x00000000f3400000,0x00000000f356c040,0x00000000f3580000)
  to   space 9216K, 0% used [0x00000000f2380000,0x00000000f2380000,0x00000000f2c80000)
 ParOldGen       total 47104K, used 11374K [0x00000000c0000000, 0x00000000c2e00000, 0x00000000eab00000)
  object space 47104K, 24% used [0x00000000c0000000,0x00000000c0b1b948,0x00000000c2e00000)
 Metaspace       used 21112K, capacity 21550K, committed 21632K, reserved 1069056K
  class space    used 2753K, capacity 2892K, committed 2944K, reserved 1048576K
}
Event: 12.238 GC heap before
{Heap before GC invocations=8 (full 1):
 PSYoungGen      total 82432K, used 82352K [0x00000000eab00000, 0x00000000f3580000, 0x0000000100000000)
  eden space 80896K, 100% used [0x00000000eab00000,0x00000000efa00000,0x00000000efa00000)
  from space 1536K, 94% used [0x00000000f3400000,0x00000000f356c040,0x00000000f3580000)
  to   space 9216K, 0% used [0x00000000f2380000,0x00000000f2380000,0x00000000f2c80000)
 ParOldGen       total 47104K, used 11374K [0x00000000c0000000, 0x00000000c2e00000, 0x00000000eab00000)
  object space 47104K, 24% used [0x00000000c0000000,0x00000000c0b1b948,0x00000000c2e00000)
 Metaspace       used 21123K, capacity 21550K, committed 21632K, reserved 1069056K
  class space    used 2754K, capacity 2892K, committed 2944K, reserved 1048576K
Event: 12.271 GC heap after
Heap after GC invocations=8 (full 1):
 PSYoungGen      total 103936K, used 2064K [0x00000000eab00000, 0x00000000f3480000, 0x0000000100000000)
  eden space 101376K, 0% used [0x00000000eab00000,0x00000000eab00000,0x00000000f0e00000)
  from space 2560K, 80% used [0x00000000f2380000,0x00000000f2584040,0x00000000f2600000)
  to   space 9216K, 0% used [0x00000000f2b80000,0x00000000f2b80000,0x00000000f3480000)
 ParOldGen       total 47104K, used 11374K [0x00000000c0000000, 0x00000000c2e00000, 0x00000000eab00000)
  object space 47104K, 24% used [0x00000000c0000000,0x00000000c0b1b948,0x00000000c2e00000)
 Metaspace       used 21123K, capacity 21550K, committed 21632K, reserved 1069056K
  class space    used 2754K, capacity 2892K, committed 2944K, reserved 1048576K
}
Event: 16.402 GC heap before
{Heap before GC invocations=9 (full 1):
 PSYoungGen      total 103936K, used 103440K [0x00000000eab00000, 0x00000000f3480000, 0x0000000100000000)
  eden space 101376K, 100% used [0x00000000eab00000,0x00000000f0e00000,0x00000000f0e00000)
  from space 2560K, 80% used [0x00000000f2380000,0x00000000f2584040,0x00000000f2600000)
  to   space 9216K, 0% used [0x00000000f2b80000,0x00000000f2b80000,0x00000000f3480000)
 ParOldGen       total 47104K, used 11374K [0x00000000c0000000, 0x00000000c2e00000, 0x00000000eab00000)
  object space 47104K, 24% used [0x00000000c0000000,0x00000000c0b1b948,0x00000000c2e00000)
 Metaspace       used 26329K, capacity 26958K, committed 27008K, reserved 1073152K
  class space    used 3529K, capacity 3679K, committed 3712K, reserved 1048576K
Event: 16.552 GC heap after
Heap after GC invocations=9 (full 1):
 PSYoungGen      total 129536K, used 9189K [0x00000000eab00000, 0x00000000f3c80000, 0x0000000100000000)
  eden space 120320K, 0% used [0x00000000eab00000,0x00000000eab00000,0x00000000f2080000)
  from space 9216K, 99% used [0x00000000f2b80000,0x00000000f34797b8,0x00000000f3480000)
  to   space 11264K, 0% used [0x00000000f2080000,0x00000000f2080000,0x00000000f2b80000)
 ParOldGen       total 47104K, used 12120K [0x00000000c0000000, 0x00000000c2e00000, 0x00000000eab00000)
  object space 47104K, 25% used [0x00000000c0000000,0x00000000c0bd6198,0x00000000c2e00000)
 Metaspace       used 26329K, capacity 26958K, committed 27008K, reserved 1073152K
  class space    used 3529K, capacity 3679K, committed 3712K, reserved 1048576K
}

