# JRE version: Java(TM) SE Runtime Environment (8.0_60-b27) (build 1.8.0_60-b27)
# Java VM: Java HotSpot(TM) 64-Bit Server VM (25.60-b23 mixed mode windows-amd64 compressed oops)
Heap:
 PSYoungGen      total 72192K, used 11137K [0x00000000eab00000, 0x00000000efa00000, 0x0000000100000000)
  eden space 65536K, 14% used [0x00000000eab00000,0x00000000eb3f8418,0x00000000eeb00000)
  from space 6656K, 29% used [0x00000000ef380000,0x00000000ef568030,0x00000000efa00000)
  to   space 7680K, 0% used [0x00000000eeb00000,0x00000000eeb00000,0x00000000ef280000)
 ParOldGen       total 36864K, used 10752K [0x00000000c0000000, 0x00000000c2400000, 0x00000000eab00000)
  object space 36864K, 29% used [0x00000000c0000000,0x00000000c0a803f8,0x00000000c2400000)
 Metaspace       used 21098K, capacity 21486K, committed 21632K, reserved 1069056K
  class space    used 2755K, capacity 2892K, committed 2944K, reserved 1048576K
GC Heap History (10 events):
Event: 8.798 GC heap before
{Heap before GC invocations=5 (full 0):
 PSYoungGen      total 35328K, used 34308K [0x00000000eab00000, 0x00000000ed000000, 0x0000000100000000)
  eden space 32768K, 96% used [0x00000000eab00000,0x00000000eca09010,0x00000000ecb00000)
  from space 2560K, 98% used [0x00000000ecd80000,0x00000000ecff8020,0x00000000ed000000)
  to   space 2560K, 0% used [0x00000000ecb00000,0x00000000ecb00000,0x00000000ecd80000)
 ParOldGen       total 44032K, used 5056K [0x00000000c0000000, 0x00000000c2b00000, 0x00000000eab00000)
  object space 44032K, 11% used [0x00000000c0000000,0x00000000c04f0188,0x00000000c2b00000)
 Metaspace       used 18474K, capacity 18888K, committed 19072K, reserved 1064960K
  class space    used 2527K, capacity 2667K, committed 2688K, reserved 1048576K
Event: 9.152 GC heap after
Heap after GC invocations=5 (full 0):
 PSYoungGen      total 35328K, used 2528K [0x00000000eab00000, 0x00000000efc00000, 0x0000000100000000)
  eden space 32768K, 0% used [0x00000000eab00000,0x00000000eab00000,0x00000000ecb00000)
  from space 2560K, 98% used [0x00000000ecb00000,0x00000000ecd78040,0x00000000ecd80000)
  to   space 8704K, 0% used [0x00000000ef380000,0x00000000ef380000,0x00000000efc00000)
 ParOldGen       total 44032K, used 10607K [0x00000000c0000000, 0x00000000c2b00000, 0x00000000eab00000)
  object space 44032K, 24% used [0x00000000c0000000,0x00000000c0a5bf10,0x00000000c2b00000)
 Metaspace       used 18474K, capacity 18888K, committed 19072K, reserved 1064960K
  class space    used 2527K, capacity 2667K, committed 2688K, reserved 1048576K
}
Event: 10.493 GC heap before
{Heap before GC invocations=6 (full 0):
 PSYoungGen      total 35328K, used 13960K [0x00000000eab00000, 0x00000000efc00000, 0x0000000100000000)
  eden space 32768K, 34% used [0x00000000eab00000,0x00000000eb62a210,0x00000000ecb00000)
  from space 2560K, 98% used [0x00000000ecb00000,0x00000000ecd78040,0x00000000ecd80000)
  to   space 8704K, 0% used [0x00000000ef380000,0x00000000ef380000,0x00000000efc00000)
 ParOldGen       total 44032K, used 10607K [0x00000000c0000000, 0x00000000c2b00000, 0x00000000eab00000)
  object space 44032K, 24% used [0x00000000c0000000,0x00000000c0a5bf10,0x00000000c2b00000)
 Metaspace       used 20775K, capacity 21134K, committed 21296K, reserved 1067008K
  class space    used 2727K, capacity 2860K, committed 2944K, reserved 1048576K
Event: 10.504 GC heap after
Heap after GC invocations=6 (full 0):
 PSYoungGen      total 72192K, used 4574K [0x00000000eab00000, 0x00000000efa00000, 0x0000000100000000)
  eden space 65536K, 0% used [0x00000000eab00000,0x00000000eab00000,0x00000000eeb00000)
  from space 6656K, 68% used [0x00000000ef380000,0x00000000ef7f7b00,0x00000000efa00000)
  to   space 7680K, 0% used [0x00000000eeb00000,0x00000000eeb00000,0x00000000ef280000)
 ParOldGen       total 44032K, used 10607K [0x00000000c0000000, 0x00000000c2b00000, 0x00000000eab00000)
  object space 44032K, 24% used [0x00000000c0000000,0x00000000c0a5bf10,0x00000000c2b00000)
 Metaspace       used 20775K, capacity 21134K, committed 21296K, reserved 1067008K
  class space    used 2727K, capacity 2860K, committed 2944K, reserved 1048576K
}
Event: 10.505 GC heap before
{Heap before GC invocations=7 (full 1):
 PSYoungGen      total 72192K, used 4574K [0x00000000eab00000, 0x00000000efa00000, 0x0000000100000000)
  eden space 65536K, 0% used [0x00000000eab00000,0x00000000eab00000,0x00000000eeb00000)
  from space 6656K, 68% used [0x00000000ef380000,0x00000000ef7f7b00,0x00000000efa00000)
  to   space 7680K, 0% used [0x00000000eeb00000,0x00000000eeb00000,0x00000000ef280000)
 ParOldGen       total 44032K, used 10607K [0x00000000c0000000, 0x00000000c2b00000, 0x00000000eab00000)
  object space 44032K, 24% used [0x00000000c0000000,0x00000000c0a5bf10,0x00000000c2b00000)
 Metaspace       used 20775K, capacity 21134K, committed 21296K, reserved 1067008K
  class space    used 2727K, capacity 2860K, committed 2944K, reserved 1048576K
Event: 10.660 GC heap after
Heap after GC invocations=7 (full 1):
 PSYoungGen      total 72192K, used 0K [0x00000000eab00000, 0x00000000efa00000, 0x0000000100000000)
  eden space 65536K, 0% used [0x00000000eab00000,0x00000000eab00000,0x00000000eeb00000)
  from space 6656K, 0% used [0x00000000ef380000,0x00000000ef380000,0x00000000efa00000)
  to   space 7680K, 0% used [0x00000000eeb00000,0x00000000eeb00000,0x00000000ef280000)
 ParOldGen       total 36864K, used 10736K [0x00000000c0000000, 0x00000000c2400000, 0x00000000eab00000)
  object space 36864K, 29% used [0x00000000c0000000,0x00000000c0a7c3f8,0x00000000c2400000)
 Metaspace       used 20775K, capacity 21134K, committed 21296K, reserved 1067008K
  class space    used 2727K, capacity 2860K, committed 2944K, reserved 1048576K
}
Event: 12.380 GC heap before
{Heap before GC invocations=8 (full 1):
 PSYoungGen      total 72192K, used 65536K [0x00000000eab00000, 0x00000000efa00000, 0x0000000100000000)
  eden space 65536K, 100% used [0x00000000eab00000,0x00000000eeb00000,0x00000000eeb00000)
  from space 6656K, 0% used [0x00000000ef380000,0x00000000ef380000,0x00000000efa00000)
  to   space 7680K, 0% used [0x00000000eeb00000,0x00000000eeb00000,0x00000000ef280000)
 ParOldGen       total 36864K, used 10736K [0x00000000c0000000, 0x00000000c2400000, 0x00000000eab00000)
  object space 36864K, 29% used [0x00000000c0000000,0x00000000c0a7c3f8,0x00000000c2400000)
 Metaspace       used 21088K, capacity 21486K, committed 21632K, reserved 1069056K
  class space    used 2755K, capacity 2892K, committed 2944K, reserved 1048576K
Event: 12.605 GC heap after
Heap after GC invocations=8 (full 1):
 PSYoungGen      total 73216K, used 1472K [0x00000000eab00000, 0x00000000efa00000, 0x0000000100000000)
  eden space 65536K, 0% used [0x00000000eab00000,0x00000000eab00000,0x00000000eeb00000)
  from space 7680K, 19% used [0x00000000eeb00000,0x00000000eec70030,0x00000000ef280000)
  to   space 6656K, 0% used [0x00000000ef380000,0x00000000ef380000,0x00000000efa00000)
 ParOldGen       total 36864K, used 10744K [0x00000000c0000000, 0x00000000c2400000, 0x00000000eab00000)
  object space 36864K, 29% used [0x00000000c0000000,0x00000000c0a7e3f8,0x00000000c2400000)
 Metaspace       used 21088K, capacity 21486K, committed 21632K, reserved 1069056K
  class space    used 2755K, capacity 2892K, committed 2944K, reserved 1048576K
}
Event: 13.172 GC heap before
{Heap before GC invocations=9 (full 1):
 PSYoungGen      total 73216K, used 67008K [0x00000000eab00000, 0x00000000efa00000, 0x0000000100000000)
  eden space 65536K, 100% used [0x00000000eab00000,0x00000000eeb00000,0x00000000eeb00000)
  from space 7680K, 19% used [0x00000000eeb00000,0x00000000eec70030,0x00000000ef280000)
  to   space 6656K, 0% used [0x00000000ef380000,0x00000000ef380000,0x00000000efa00000)
 ParOldGen       total 36864K, used 10744K [0x00000000c0000000, 0x00000000c2400000, 0x00000000eab00000)
  object space 36864K, 29% used [0x00000000c0000000,0x00000000c0a7e3f8,0x00000000c2400000)
 Metaspace       used 21098K, capacity 21486K, committed 21632K, reserved 1069056K
  class space    used 2755K, capacity 2892K, committed 2944K, reserved 1048576K
Event: 13.765 GC heap after
Heap after GC invocations=9 (full 1):
 PSYoungGen      total 72192K, used 1952K [0x00000000eab00000, 0x00000000efa00000, 0x0000000100000000)
  eden space 65536K, 0% used [0x00000000eab00000,0x00000000eab00000,0x00000000eeb00000)
  from space 6656K, 29% used [0x00000000ef380000,0x00000000ef568030,0x00000000efa00000)
  to   space 7680K, 0% used [0x00000000eeb00000,0x00000000eeb00000,0x00000000ef280000)
 ParOldGen       total 36864K, used 10752K [0x00000000c0000000, 0x00000000c2400000, 0x00000000eab00000)
  object space 36864K, 29% used [0x00000000c0000000,0x00000000c0a803f8,0x00000000c2400000)
 Metaspace       used 21098K, capacity 21486K, committed 21632K, reserved 1069056K
  class space    used 2755K, capacity 2892K, committed 2944K, reserved 1048576K
}

