# JRE version: Java(TM) SE Runtime Environment (8.0_60-b27) (build 1.8.0_60-b27)
# Java VM: Java HotSpot(TM) 64-Bit Server VM (25.60-b23 mixed mode windows-amd64 compressed oops)
Heap:
 PSYoungGen      total 109056K, used 31132K [0x00000000eab00000, 0x00000000f4c80000, 0x0000000100000000)
  eden space 97280K, 21% used [0x00000000eab00000,0x00000000ebf325f0,0x00000000f0a00000)
  from space 11776K, 88% used [0x00000000f0a00000,0x00000000f1434c50,0x00000000f1580000)
  to   space 13312K, 0% used [0x00000000f3f80000,0x00000000f3f80000,0x00000000f4c80000)
 ParOldGen       total 56320K, used 21708K [0x00000000c0000000, 0x00000000c3700000, 0x00000000eab00000)
  object space 56320K, 38% used [0x00000000c0000000,0x00000000c1533050,0x00000000c3700000)
 Metaspace       used 39659K, capacity 40602K, committed 40832K, reserved 1085440K
  class space    used 5508K, capacity 5758K, committed 5760K, reserved 1048576K
GC Heap History (10 events):
Event: 8.294 GC heap before
{Heap before GC invocations=11 (full 1):
 PSYoungGen      total 69632K, used 67595K [0x00000000eab00000, 0x00000000f0280000, 0x0000000100000000)
  eden space 62464K, 100% used [0x00000000eab00000,0x00000000ee800000,0x00000000ee800000)
  from space 7168K, 71% used [0x00000000ee800000,0x00000000eed02c18,0x00000000eef00000)
  to   space 7168K, 0% used [0x00000000efb80000,0x00000000efb80000,0x00000000f0280000)
 ParOldGen       total 35328K, used 9680K [0x00000000c0000000, 0x00000000c2280000, 0x00000000eab00000)
  object space 35328K, 27% used [0x00000000c0000000,0x00000000c0974130,0x00000000c2280000)
 Metaspace       used 30911K, capacity 31534K, committed 31872K, reserved 1077248K
  class space    used 4224K, capacity 4408K, committed 4480K, reserved 1048576K
Event: 8.310 GC heap after
Heap after GC invocations=11 (full 1):
 PSYoungGen      total 80896K, used 7139K [0x00000000eab00000, 0x00000000f0e00000, 0x0000000100000000)
  eden space 73728K, 0% used [0x00000000eab00000,0x00000000eab00000,0x00000000ef300000)
  from space 7168K, 99% used [0x00000000efb80000,0x00000000f0278f90,0x00000000f0280000)
  to   space 8704K, 0% used [0x00000000ef300000,0x00000000ef300000,0x00000000efb80000)
 ParOldGen       total 35328K, used 11467K [0x00000000c0000000, 0x00000000c2280000, 0x00000000eab00000)
  object space 35328K, 32% used [0x00000000c0000000,0x00000000c0b32d38,0x00000000c2280000)
 Metaspace       used 30911K, capacity 31534K, committed 31872K, reserved 1077248K
  class space    used 4224K, capacity 4408K, committed 4480K, reserved 1048576K
}
Event: 9.711 GC heap before
{Heap before GC invocations=12 (full 1):
 PSYoungGen      total 80896K, used 80867K [0x00000000eab00000, 0x00000000f0e00000, 0x0000000100000000)
  eden space 73728K, 100% used [0x00000000eab00000,0x00000000ef300000,0x00000000ef300000)
  from space 7168K, 99% used [0x00000000efb80000,0x00000000f0278f90,0x00000000f0280000)
  to   space 8704K, 0% used [0x00000000ef300000,0x00000000ef300000,0x00000000efb80000)
 ParOldGen       total 35328K, used 11467K [0x00000000c0000000, 0x00000000c2280000, 0x00000000eab00000)
  object space 35328K, 32% used [0x00000000c0000000,0x00000000c0b32d38,0x00000000c2280000)
 Metaspace       used 34610K, capacity 35306K, committed 35456K, reserved 1079296K
  class space    used 4745K, capacity 4929K, committed 4992K, reserved 1048576K
Event: 9.729 GC heap after
Heap after GC invocations=12 (full 1):
 PSYoungGen      total 82432K, used 8689K [0x00000000eab00000, 0x00000000f2100000, 0x0000000100000000)
  eden space 73728K, 0% used [0x00000000eab00000,0x00000000eab00000,0x00000000ef300000)
  from space 8704K, 99% used [0x00000000ef300000,0x00000000efb7c688,0x00000000efb80000)
  to   space 11776K, 0% used [0x00000000f1580000,0x00000000f1580000,0x00000000f2100000)
 ParOldGen       total 35328K, used 16818K [0x00000000c0000000, 0x00000000c2280000, 0x00000000eab00000)
  object space 35328K, 47% used [0x00000000c0000000,0x00000000c106c9a8,0x00000000c2280000)
 Metaspace       used 34610K, capacity 35306K, committed 35456K, reserved 1079296K
  class space    used 4745K, capacity 4929K, committed 4992K, reserved 1048576K
}
Event: 9.788 GC heap before
{Heap before GC invocations=13 (full 1):
 PSYoungGen      total 82432K, used 15175K [0x00000000eab00000, 0x00000000f2100000, 0x0000000100000000)
  eden space 73728K, 8% used [0x00000000eab00000,0x00000000eb155578,0x00000000ef300000)
  from space 8704K, 99% used [0x00000000ef300000,0x00000000efb7c688,0x00000000efb80000)
  to   space 11776K, 0% used [0x00000000f1580000,0x00000000f1580000,0x00000000f2100000)
 ParOldGen       total 35328K, used 16818K [0x00000000c0000000, 0x00000000c2280000, 0x00000000eab00000)
  object space 35328K, 47% used [0x00000000c0000000,0x00000000c106c9a8,0x00000000c2280000)
 Metaspace       used 34691K, capacity 35324K, committed 35456K, reserved 1079296K
  class space    used 4765K, capacity 4935K, committed 4992K, reserved 1048576K
Event: 9.802 GC heap after
Heap after GC invocations=13 (full 1):
 PSYoungGen      total 109056K, used 928K [0x00000000eab00000, 0x00000000f2c00000, 0x0000000100000000)
  eden space 97280K, 0% used [0x00000000eab00000,0x00000000eab00000,0x00000000f0a00000)
  from space 11776K, 7% used [0x00000000f1580000,0x00000000f1668000,0x00000000f2100000)
  to   space 11776K, 0% used [0x00000000f0a00000,0x00000000f0a00000,0x00000000f1580000)
 ParOldGen       total 35328K, used 24240K [0x00000000c0000000, 0x00000000c2280000, 0x00000000eab00000)
  object space 35328K, 68% used [0x00000000c0000000,0x00000000c17ac388,0x00000000c2280000)
 Metaspace       used 34691K, capacity 35324K, committed 35456K, reserved 1079296K
  class space    used 4765K, capacity 4935K, committed 4992K, reserved 1048576K
}
Event: 9.802 GC heap before
{Heap before GC invocations=14 (full 2):
 PSYoungGen      total 109056K, used 928K [0x00000000eab00000, 0x00000000f2c00000, 0x0000000100000000)
  eden space 97280K, 0% used [0x00000000eab00000,0x00000000eab00000,0x00000000f0a00000)
  from space 11776K, 7% used [0x00000000f1580000,0x00000000f1668000,0x00000000f2100000)
  to   space 11776K, 0% used [0x00000000f0a00000,0x00000000f0a00000,0x00000000f1580000)
 ParOldGen       total 35328K, used 24240K [0x00000000c0000000, 0x00000000c2280000, 0x00000000eab00000)
  object space 35328K, 68% used [0x00000000c0000000,0x00000000c17ac388,0x00000000c2280000)
 Metaspace       used 34691K, capacity 35324K, committed 35456K, reserved 1079296K
  class space    used 4765K, capacity 4935K, committed 4992K, reserved 1048576K
Event: 9.933 GC heap after
Heap after GC invocations=14 (full 2):
 PSYoungGen      total 109056K, used 0K [0x00000000eab00000, 0x00000000f2c00000, 0x0000000100000000)
  eden space 97280K, 0% used [0x00000000eab00000,0x00000000eab00000,0x00000000f0a00000)
  from space 11776K, 0% used [0x00000000f1580000,0x00000000f1580000,0x00000000f2100000)
  to   space 11776K, 0% used [0x00000000f0a00000,0x00000000f0a00000,0x00000000f1580000)
 ParOldGen       total 56320K, used 21700K [0x00000000c0000000, 0x00000000c3700000, 0x00000000eab00000)
  object space 56320K, 38% used [0x00000000c0000000,0x00000000c1531050,0x00000000c3700000)
 Metaspace       used 34691K, capacity 35324K, committed 35456K, reserved 1079296K
  class space    used 4765K, capacity 4935K, committed 4992K, reserved 1048576K
}
Event: 12.021 GC heap before
{Heap before GC invocations=15 (full 2):
 PSYoungGen      total 109056K, used 97280K [0x00000000eab00000, 0x00000000f2c00000, 0x0000000100000000)
  eden space 97280K, 100% used [0x00000000eab00000,0x00000000f0a00000,0x00000000f0a00000)
  from space 11776K, 0% used [0x00000000f1580000,0x00000000f1580000,0x00000000f2100000)
  to   space 11776K, 0% used [0x00000000f0a00000,0x00000000f0a00000,0x00000000f1580000)
 ParOldGen       total 56320K, used 21700K [0x00000000c0000000, 0x00000000c3700000, 0x00000000eab00000)
  object space 56320K, 38% used [0x00000000c0000000,0x00000000c1531050,0x00000000c3700000)
 Metaspace       used 38681K, capacity 39674K, committed 39808K, reserved 1083392K
  class space    used 5390K, capacity 5662K, committed 5760K, reserved 1048576K
Event: 12.041 GC heap after
Heap after GC invocations=15 (full 2):
 PSYoungGen      total 109056K, used 10451K [0x00000000eab00000, 0x00000000f4c80000, 0x0000000100000000)
  eden space 97280K, 0% used [0x00000000eab00000,0x00000000eab00000,0x00000000f0a00000)
  from space 11776K, 88% used [0x00000000f0a00000,0x00000000f1434c50,0x00000000f1580000)
  to   space 13312K, 0% used [0x00000000f3f80000,0x00000000f3f80000,0x00000000f4c80000)
 ParOldGen       total 56320K, used 21708K [0x00000000c0000000, 0x00000000c3700000, 0x00000000eab00000)
  object space 56320K, 38% used [0x00000000c0000000,0x00000000c1533050,0x00000000c3700000)
 Metaspace       used 38681K, capacity 39674K, committed 39808K, reserved 1083392K
  class space    used 5390K, capacity 5662K, committed 5760K, reserved 1048576K
}

