# JRE version: Java(TM) SE Runtime Environment (8.0_60-b27) (build 1.8.0_60-b27)
# Java VM: Java HotSpot(TM) 64-Bit Server VM (25.60-b23 mixed mode windows-amd64 compressed oops)
Heap:
 PSYoungGen      total 229888K, used 205169K [0x00000000eab00000, 0x0000000100000000, 0x0000000100000000)
  eden space 118272K, 98% used [0x00000000eab00000,0x00000000f1cc0148,0x00000000f1e80000)
  from space 111616K, 79% used [0x00000000f1e80000,0x00000000f751c330,0x00000000f8b80000)
  to   space 116224K, 0% used [0x00000000f8e80000,0x00000000f8e80000,0x0000000100000000)
 ParOldGen       total 303616K, used 177351K [0x00000000c0000000, 0x00000000d2880000, 0x00000000eab00000)
  object space 303616K, 58% used [0x00000000c0000000,0x00000000cad31d68,0x00000000d2880000)
 Metaspace       used 6678K, capacity 7320K, committed 7680K, reserved 1056768K
  class space    used 631K, capacity 656K, committed 768K, reserved 1048576K
GC Heap History (10 events):
Event: 36.118 GC heap before
{Heap before GC invocations=17 (full 3):
 PSYoungGen      total 232960K, used 142946K [0x00000000eab00000, 0x0000000100000000, 0x0000000100000000)
  eden space 116736K, 100% used [0x00000000eab00000,0x00000000f1d00000,0x00000000f1d00000)
  from space 116224K, 22% used [0x00000000f1d00000,0x00000000f3698838,0x00000000f8e80000)
  to   space 116224K, 0% used [0x00000000f8e80000,0x00000000f8e80000,0x0000000100000000)
 ParOldGen       total 256000K, used 196726K [0x00000000c0000000, 0x00000000cfa00000, 0x00000000eab00000)
  object space 256000K, 76% used [0x00000000c0000000,0x00000000cc01db68,0x00000000cfa00000)
 Metaspace       used 6574K, capacity 7256K, committed 7424K, reserved 1056768K
  class space    used 626K, capacity 656K, committed 768K, reserved 1048576K
Event: 36.201 GC heap after
Heap after GC invocations=17 (full 3):
 PSYoungGen      total 231936K, used 46424K [0x00000000eab00000, 0x00000000fff00000, 0x0000000100000000)
  eden space 116736K, 0% used [0x00000000eab00000,0x00000000eab00000,0x00000000f1d00000)
  from space 115200K, 40% used [0x00000000f8e80000,0x00000000fbbd6398,0x00000000fff00000)
  to   space 115712K, 0% used [0x00000000f1d00000,0x00000000f1d00000,0x00000000f8e00000)
 ParOldGen       total 256000K, used 222542K [0x00000000c0000000, 0x00000000cfa00000, 0x00000000eab00000)
  object space 256000K, 86% used [0x00000000c0000000,0x00000000cd9538b0,0x00000000cfa00000)
 Metaspace       used 6574K, capacity 7256K, committed 7424K, reserved 1056768K
  class space    used 626K, capacity 656K, committed 768K, reserved 1048576K
}
Event: 36.201 GC heap before
{Heap before GC invocations=18 (full 4):
 PSYoungGen      total 231936K, used 46424K [0x00000000eab00000, 0x00000000fff00000, 0x0000000100000000)
  eden space 116736K, 0% used [0x00000000eab00000,0x00000000eab00000,0x00000000f1d00000)
  from space 115200K, 40% used [0x00000000f8e80000,0x00000000fbbd6398,0x00000000fff00000)
  to   space 115712K, 0% used [0x00000000f1d00000,0x00000000f1d00000,0x00000000f8e00000)
 ParOldGen       total 256000K, used 222542K [0x00000000c0000000, 0x00000000cfa00000, 0x00000000eab00000)
  object space 256000K, 86% used [0x00000000c0000000,0x00000000cd9538b0,0x00000000cfa00000)
 Metaspace       used 6574K, capacity 7256K, committed 7424K, reserved 1056768K
  class space    used 626K, capacity 656K, committed 768K, reserved 1048576K
Event: 38.789 GC heap after
Heap after GC invocations=18 (full 4):
 PSYoungGen      total 231936K, used 0K [0x00000000eab00000, 0x00000000fff00000, 0x0000000100000000)
  eden space 116736K, 0% used [0x00000000eab00000,0x00000000eab00000,0x00000000f1d00000)
  from space 115200K, 0% used [0x00000000f8e80000,0x00000000f8e80000,0x00000000fff00000)
  to   space 115712K, 0% used [0x00000000f1d00000,0x00000000f1d00000,0x00000000f8e00000)
 ParOldGen       total 303616K, used 177351K [0x00000000c0000000, 0x00000000d2880000, 0x00000000eab00000)
  object space 303616K, 58% used [0x00000000c0000000,0x00000000cad31d68,0x00000000d2880000)
 Metaspace       used 6574K, capacity 7256K, committed 7424K, reserved 1056768K
  class space    used 626K, capacity 656K, committed 768K, reserved 1048576K
}
Event: 39.892 GC heap before
{Heap before GC invocations=19 (full 4):
 PSYoungGen      total 231936K, used 116736K [0x00000000eab00000, 0x00000000fff00000, 0x0000000100000000)
  eden space 116736K, 100% used [0x00000000eab00000,0x00000000f1d00000,0x00000000f1d00000)
  from space 115200K, 0% used [0x00000000f8e80000,0x00000000f8e80000,0x00000000fff00000)
  to   space 115712K, 0% used [0x00000000f1d00000,0x00000000f1d00000,0x00000000f8e00000)
 ParOldGen       total 303616K, used 177351K [0x00000000c0000000, 0x00000000d2880000, 0x00000000eab00000)
  object space 303616K, 58% used [0x00000000c0000000,0x00000000cad31d68,0x00000000d2880000)
 Metaspace       used 6574K, capacity 7256K, committed 7424K, reserved 1056768K
  class space    used 626K, capacity 656K, committed 768K, reserved 1048576K
Event: 40.168 GC heap after
Heap after GC invocations=19 (full 4):
 PSYoungGen      total 168960K, used 51935K [0x00000000eab00000, 0x00000000ff880000, 0x0000000100000000)
  eden space 116736K, 0% used [0x00000000eab00000,0x00000000eab00000,0x00000000f1d00000)
  from space 52224K, 99% used [0x00000000f1d00000,0x00000000f4fb7f08,0x00000000f5000000)
  to   space 111616K, 0% used [0x00000000f8b80000,0x00000000f8b80000,0x00000000ff880000)
 ParOldGen       total 303616K, used 177351K [0x00000000c0000000, 0x00000000d2880000, 0x00000000eab00000)
  object space 303616K, 58% used [0x00000000c0000000,0x00000000cad31d68,0x00000000d2880000)
 Metaspace       used 6574K, capacity 7256K, committed 7424K, reserved 1056768K
  class space    used 626K, capacity 656K, committed 768K, reserved 1048576K
}
Event: 40.793 GC heap before
{Heap before GC invocations=20 (full 4):
 PSYoungGen      total 168960K, used 168671K [0x00000000eab00000, 0x00000000ff880000, 0x0000000100000000)
  eden space 116736K, 100% used [0x00000000eab00000,0x00000000f1d00000,0x00000000f1d00000)
  from space 52224K, 99% used [0x00000000f1d00000,0x00000000f4fb7f08,0x00000000f5000000)
  to   space 111616K, 0% used [0x00000000f8b80000,0x00000000f8b80000,0x00000000ff880000)
 ParOldGen       total 303616K, used 177351K [0x00000000c0000000, 0x00000000d2880000, 0x00000000eab00000)
  object space 303616K, 58% used [0x00000000c0000000,0x00000000cad31d68,0x00000000d2880000)
 Metaspace       used 6574K, capacity 7256K, committed 7424K, reserved 1056768K
  class space    used 626K, capacity 656K, committed 768K, reserved 1048576K
Event: 41.212 GC heap after
Heap after GC invocations=20 (full 4):
 PSYoungGen      total 229888K, used 62246K [0x00000000eab00000, 0x0000000100000000, 0x0000000100000000)
  eden space 118272K, 0% used [0x00000000eab00000,0x00000000eab00000,0x00000000f1e80000)
  from space 111616K, 55% used [0x00000000f8b80000,0x00000000fc8499b8,0x00000000ff880000)
  to   space 111616K, 0% used [0x00000000f1e80000,0x00000000f1e80000,0x00000000f8b80000)
 ParOldGen       total 303616K, used 177351K [0x00000000c0000000, 0x00000000d2880000, 0x00000000eab00000)
  object space 303616K, 58% used [0x00000000c0000000,0x00000000cad31d68,0x00000000d2880000)
 Metaspace       used 6574K, capacity 7256K, committed 7424K, reserved 1056768K
  class space    used 626K, capacity 656K, committed 768K, reserved 1048576K
}
Event: 41.885 GC heap before
{Heap before GC invocations=21 (full 4):
 PSYoungGen      total 229888K, used 180518K [0x00000000eab00000, 0x0000000100000000, 0x0000000100000000)
  eden space 118272K, 100% used [0x00000000eab00000,0x00000000f1e80000,0x00000000f1e80000)
  from space 111616K, 55% used [0x00000000f8b80000,0x00000000fc8499b8,0x00000000ff880000)
  to   space 111616K, 0% used [0x00000000f1e80000,0x00000000f1e80000,0x00000000f8b80000)
 ParOldGen       total 303616K, used 177351K [0x00000000c0000000, 0x00000000d2880000, 0x00000000eab00000)
  object space 303616K, 58% used [0x00000000c0000000,0x00000000cad31d68,0x00000000d2880000)
 Metaspace       used 6574K, capacity 7256K, committed 7424K, reserved 1056768K
  class space    used 626K, capacity 656K, committed 768K, reserved 1048576K
Event: 42.374 GC heap after
Heap after GC invocations=21 (full 4):
 PSYoungGen      total 229888K, used 88688K [0x00000000eab00000, 0x0000000100000000, 0x0000000100000000)
  eden space 118272K, 0% used [0x00000000eab00000,0x00000000eab00000,0x00000000f1e80000)
  from space 111616K, 79% used [0x00000000f1e80000,0x00000000f751c330,0x00000000f8b80000)
  to   space 116224K, 0% used [0x00000000f8e80000,0x00000000f8e80000,0x0000000100000000)
 ParOldGen       total 303616K, used 177351K [0x00000000c0000000, 0x00000000d2880000, 0x00000000eab00000)
  object space 303616K, 58% used [0x00000000c0000000,0x00000000cad31d68,0x00000000d2880000)
 Metaspace       used 6574K, capacity 7256K, committed 7424K, reserved 1056768K
  class space    used 626K, capacity 656K, committed 768K, reserved 1048576K
}

